Using pre-set license
Built from '2021.2/staging' branch; Version is '2021.2.12f1 (48b1aa000234) revision 4764074'; Using compiler version '192829333'; Build Type 'Release'
OS: 'Windows 10  (10.0.19044) 64bit Professional' Language: 'de' Physical Memory: 32702 MB
BatchMode: 1, IsHumanControllingUs: 0, StartBugReporterOnCrash: 0, Is64bit: 1, IsPro: 0

COMMAND LINE ARGUMENTS:
E:\installs E\unity editors\2021.2.12f1\Editor\Unity.exe
-adb2
-batchMode
-noUpm
-name
AssetImportWorker0
-projectPath
D:/games/unity/ShotgunJumper/ShotgunJumper
-logFile
Logs/AssetImportWorker0.log
-srvPort
52589
Successfully changed project path to: D:/games/unity/ShotgunJumper/ShotgunJumper
D:/games/unity/ShotgunJumper/ShotgunJumper
[UnityMemory] Configuration Parameters - Can be set up in boot.config
    "memorysetup-bucket-allocator-granularity=16"
    "memorysetup-bucket-allocator-bucket-count=8"
    "memorysetup-bucket-allocator-block-size=33554432"
    "memorysetup-bucket-allocator-block-count=8"
    "memorysetup-main-allocator-block-size=16777216"
    "memorysetup-thread-allocator-block-size=16777216"
    "memorysetup-gfx-main-allocator-block-size=16777216"
    "memorysetup-gfx-thread-allocator-block-size=16777216"
    "memorysetup-cache-allocator-block-size=4194304"
    "memorysetup-typetree-allocator-block-size=2097152"
    "memorysetup-profiler-bucket-allocator-granularity=16"
    "memorysetup-profiler-bucket-allocator-bucket-count=8"
    "memorysetup-profiler-bucket-allocator-block-size=33554432"
    "memorysetup-profiler-bucket-allocator-block-count=8"
    "memorysetup-profiler-allocator-block-size=16777216"
    "memorysetup-profiler-editor-allocator-block-size=1048576"
    "memorysetup-temp-allocator-size-main=16777216"
    "memorysetup-job-temp-allocator-block-size=2097152"
    "memorysetup-job-temp-allocator-block-size-background=1048576"
    "memorysetup-job-temp-allocator-reduction-small-platforms=262144"
    "memorysetup-temp-allocator-size-background-worker=32768"
    "memorysetup-temp-allocator-size-job-worker=262144"
    "memorysetup-temp-allocator-size-preload-manager=33554432"
    "memorysetup-temp-allocator-size-nav-mesh-worker=65536"
    "memorysetup-temp-allocator-size-audio-worker=65536"
    "memorysetup-temp-allocator-size-cloud-worker=32768"
    "memorysetup-temp-allocator-size-gi-baking-worker=262144"
    "memorysetup-temp-allocator-size-gfx=262144"
Refreshing native plugins compatible for Editor in 123.79 ms, found 4 plugins.
Preloading 0 native plugins for Editor in 0.00 ms.
Initialize engine version: 2021.2.12f1 (48b1aa000234)
[Subsystems] Discovering subsystems at path E:/installs E/unity editors/2021.2.12f1/Editor/Data/Resources/UnitySubsystems
[Subsystems] Discovering subsystems at path D:/games/unity/ShotgunJumper/ShotgunJumper/Assets
GfxDevice: creating device client; threaded=0; jobified=0
Direct3D:
    Version:  Direct3D 11.0 [level 11.1]
    Renderer: NVIDIA GeForce RTX 2070 (ID=0x1f02)
    Vendor:   NVIDIA
    VRAM:     8031 MB
    Driver:   30.0.15.1179
Initialize mono
Mono path[0] = 'E:/installs E/unity editors/2021.2.12f1/Editor/Data/Managed'
Mono path[1] = 'E:/installs E/unity editors/2021.2.12f1/Editor/Data/MonoBleedingEdge/lib/mono/unityjit-win32'
Mono config path = 'E:/installs E/unity editors/2021.2.12f1/Editor/Data/MonoBleedingEdge/etc'
Using monoOptions --debugger-agent=transport=dt_socket,embedding=1,server=y,suspend=n,address=127.0.0.1:56132
Begin MonoManager ReloadAssembly
Registering precompiled unity dll's ...
Register platform support module: E:/installs E/unity editors/2021.2.12f1/Editor/Data/PlaybackEngines/WindowsStandaloneSupport/UnityEditor.WindowsStandalone.Extensions.dll
Registered in 0.003212 seconds.
Native extension for WindowsStandalone target not found
Refreshing native plugins compatible for Editor in 135.84 ms, found 4 plugins.
Preloading 0 native plugins for Editor in 0.00 ms.
Mono: successfully reloaded assembly
- Completed reload, in  0.929 seconds
Domain Reload Profiling:
	ReloadAssembly (929ms)
		BeginReloadAssembly (145ms)
			ExecutionOrderSort (0ms)
			DisableScriptedObjects (0ms)
			BackupInstance (0ms)
			ReleaseScriptingObjects (0ms)
			CreateAndSetChildDomain (1ms)
		EndReloadAssembly (632ms)
			LoadAssemblies (144ms)
			RebuildTransferFunctionScriptingTraits (0ms)
			SetupTypeCache (145ms)
			ReleaseScriptCaches (0ms)
			RebuildScriptCaches (34ms)
			SetupLoadedEditorAssemblies (396ms)
				LogAssemblyErrors (0ms)
				InitializePlatformSupportModulesInManaged (10ms)
				SetLoadedEditorAssemblies (0ms)
				RefreshPlugins (136ms)
				BeforeProcessingInitializeOnLoad (3ms)
				ProcessInitializeOnLoadAttributes (191ms)
				ProcessInitializeOnLoadMethodAttributes (56ms)
				AfterProcessingInitializeOnLoad (0ms)
				EditorAssembliesLoaded (0ms)
			ExecutionOrderSort2 (0ms)
			AwakeInstancesAfterBackupRestoration (0ms)
Platform modules already initialized, skipping
Registering precompiled user dll's ...
Registered in 0.007813 seconds.
Begin MonoManager ReloadAssembly
Symbol file LoadedFromMemory doesn't match image D:\games\unity\ShotgunJumper\ShotgunJumper\Library\PackageCache\com.unity.visualscripting@1.7.6\Editor\VisualScripting.Core\Dependencies\YamlDotNet\Unity.VisualScripting.YamlDotNet.dll
Symbol file LoadedFromMemory doesn't match image D:\games\unity\ShotgunJumper\ShotgunJumper\Library\PackageCache\com.unity.visualscripting@1.7.6\Editor\VisualScripting.Core\Dependencies\DotNetZip\Unity.VisualScripting.IonicZip.dll
Native extension for WindowsStandalone target not found
Refreshing native plugins compatible for Editor in 121.85 ms, found 4 plugins.
Preloading 0 native plugins for Editor in 0.00 ms.
Mono: successfully reloaded assembly
- Completed reload, in  2.009 seconds
Domain Reload Profiling:
	ReloadAssembly (2010ms)
		BeginReloadAssembly (145ms)
			ExecutionOrderSort (0ms)
			DisableScriptedObjects (6ms)
			BackupInstance (0ms)
			ReleaseScriptingObjects (0ms)
			CreateAndSetChildDomain (19ms)
		EndReloadAssembly (1756ms)
			LoadAssemblies (153ms)
			RebuildTransferFunctionScriptingTraits (0ms)
			SetupTypeCache (275ms)
			ReleaseScriptCaches (1ms)
			RebuildScriptCaches (70ms)
			SetupLoadedEditorAssemblies (1251ms)
				LogAssemblyErrors (0ms)
				InitializePlatformSupportModulesInManaged (3ms)
				SetLoadedEditorAssemblies (0ms)
				RefreshPlugins (122ms)
				BeforeProcessingInitializeOnLoad (124ms)
				ProcessInitializeOnLoadAttributes (896ms)
				ProcessInitializeOnLoadMethodAttributes (103ms)
				AfterProcessingInitializeOnLoad (3ms)
				EditorAssembliesLoaded (0ms)
			ExecutionOrderSort2 (0ms)
			AwakeInstancesAfterBackupRestoration (8ms)
Platform modules already initialized, skipping
========================================================================
Worker process is ready to serve import requests
Launched and connected shader compiler UnityShaderCompiler.exe after 0.06 seconds
Refreshing native plugins compatible for Editor in 1.66 ms, found 4 plugins.
Preloading 0 native plugins for Editor in 0.00 ms.
Unloading 5707 Unused Serialized files (Serialized files now loaded: 0)
Unloading 42 unused Assets / (0.7 MB). Loaded Objects now: 6160.
Memory consumption went from 222.5 MB to 221.8 MB.
Total: 3.796500 ms (FindLiveObjects: 0.409400 ms CreateObjectMapping: 0.405300 ms MarkObjects: 2.749400 ms  DeleteObjects: 0.231500 ms)

AssetImportParameters requested are different than current active one (requested -> active):
  custom:video-decoder-ogg-theora: a1e56fd34408186e4bbccfd4996cb3dc -> 
  custom:container-muxer-webm: aa71ff27fc2769a1b78a27578f13a17b -> 
  custom:container-demuxer-webm: 4f35f7cbe854078d1ac9338744f61a02 -> 
  custom:video-encoder-webm-vp8: eb34c28f22e8b96e1ab97ce403110664 -> 
  custom:audio-encoder-webm-vorbis: bf7c407c2cedff20999df2af8eb42d56 -> 
  custom:framework-win-MediaFoundation: 216162199b28c13a410421893ffa2e32 -> 
  custom:container-demuxer-ogg: 62fdf1f143b41e24485cea50d1cbac27 -> 
  custom:video-decoder-webm-vp8: 9c59270c3fd7afecdb556c50c9e8de78 -> 
  custom:audio-decoder-ogg-vorbis: bf7c407c2cedff20999df2af8eb42d56 -> 
========================================================================
Received Import Request.
  Time since last request: 184605.509342 seconds.
  path: Assets/sprites/cavesofgallet/industrial.v2_0.asset
  artifactKey: Guid(78fcb78fb68c71e4c9f4a49e564426c8) Importer(815301076,1909f56bfc062723c751e8b465ee728b)
Start importing Assets/sprites/cavesofgallet/industrial.v2_0.asset using Guid(78fcb78fb68c71e4c9f4a49e564426c8) Importer(815301076,1909f56bfc062723c751e8b465ee728b)  -> (artifact id: '86fb345efb64e4c616c06e089e8104c5') in 0.069062 seconds 
========================================================================
Received Import Request.
  Time since last request: 0.000026 seconds.
  path: Assets/sprites/cavesofgallet/industrial.v2_91.asset
  artifactKey: Guid(cf3a589f6e0ec1c469bfd38f4b992f50) Importer(815301076,1909f56bfc062723c751e8b465ee728b)
Start importing Assets/sprites/cavesofgallet/industrial.v2_91.asset using Guid(cf3a589f6e0ec1c469bfd38f4b992f50) Importer(815301076,1909f56bfc062723c751e8b465ee728b)  -> (artifact id: '986894f265b5f96dbb1b833420bbe543') in 0.013085 seconds 
========================================================================
Received Import Request.
  Time since last request: 0.000063 seconds.
  path: Assets/sprites/cavesofgallet/industrial.v2_38.asset
  artifactKey: Guid(40f2148325c74324b87e2ef86e95b98b) Importer(815301076,1909f56bfc062723c751e8b465ee728b)
Start importing Assets/sprites/cavesofgallet/industrial.v2_38.asset using Guid(40f2148325c74324b87e2ef86e95b98b) Importer(815301076,1909f56bfc062723c751e8b465ee728b)  -> (artifact id: '7589852eefdc287d3c229b797e5991a9') in 0.011464 seconds 
========================================================================
Received Import Request.
  Time since last request: 0.000017 seconds.
  path: Assets/sprites/cavesofgallet/industrial.v2_73.asset
  artifactKey: Guid(a6ee10d366aa1f743b6504890c608d27) Importer(815301076,1909f56bfc062723c751e8b465ee728b)
Start importing Assets/sprites/cavesofgallet/industrial.v2_73.asset using Guid(a6ee10d366aa1f743b6504890c608d27) Importer(815301076,1909f56bfc062723c751e8b465ee728b)  -> (artifact id: '58910d54e45ee6c28cb34d956c10035c') in 0.007776 seconds 
========================================================================
Received Import Request.
  Time since last request: 0.000017 seconds.
  path: Assets/sprites/cavesofgallet/industrial.v2_89.asset
  artifactKey: Guid(70e69736d59fb154fac8a6f9420d416f) Importer(815301076,1909f56bfc062723c751e8b465ee728b)
Start importing Assets/sprites/cavesofgallet/industrial.v2_89.asset using Guid(70e69736d59fb154fac8a6f9420d416f) Importer(815301076,1909f56bfc062723c751e8b465ee728b)  -> (artifact id: '44b265dc06a2ecc342a6ddda6e24106b') in 0.010259 seconds 
========================================================================
Received Import Request.
  Time since last request: 0.000016 seconds.
  path: Assets/sprites/cavesofgallet/industrial.v2_69.asset
  artifactKey: Guid(097bfd65dd209844487d0b5fa0f25f6d) Importer(815301076,1909f56bfc062723c751e8b465ee728b)
Start importing Assets/sprites/cavesofgallet/industrial.v2_69.asset using Guid(097bfd65dd209844487d0b5fa0f25f6d) Importer(815301076,1909f56bfc062723c751e8b465ee728b)  -> (artifact id: '5e04a4c3da16b81f1785a7ddc03b5954') in 0.009069 seconds 
========================================================================
Received Import Request.
  Time since last request: 0.000017 seconds.
  path: Assets/sprites/cavesofgallet/industrial.v2_9.asset
  artifactKey: Guid(5e988e5d0bc06314380691c45aeab845) Importer(815301076,1909f56bfc062723c751e8b465ee728b)
Start importing Assets/sprites/cavesofgallet/industrial.v2_9.asset using Guid(5e988e5d0bc06314380691c45aeab845) Importer(815301076,1909f56bfc062723c751e8b465ee728b)  -> (artifact id: '7664a3dd71ceee765bab9a13edd86ed3') in 0.010299 seconds 
========================================================================
Received Import Request.
  Time since last request: 0.000020 seconds.
  path: Assets/sprites/cavesofgallet/industrial.v2_24.asset
  artifactKey: Guid(ab2e1e9a271b3bf4eb375bcb9d1ef8ec) Importer(815301076,1909f56bfc062723c751e8b465ee728b)
Start importing Assets/sprites/cavesofgallet/industrial.v2_24.asset using Guid(ab2e1e9a271b3bf4eb375bcb9d1ef8ec) Importer(815301076,1909f56bfc062723c751e8b465ee728b)  -> (artifact id: 'afec80865e536db1b8ea30c7ee689cc8') in 0.010113 seconds 
========================================================================
Received Import Request.
  Time since last request: 0.000017 seconds.
  path: Assets/sprites/cavesofgallet/industrial.v2_83.asset
  artifactKey: Guid(177d82e462ccb9e4185acc049d42d314) Importer(815301076,1909f56bfc062723c751e8b465ee728b)
Start importing Assets/sprites/cavesofgallet/industrial.v2_83.asset using Guid(177d82e462ccb9e4185acc049d42d314) Importer(815301076,1909f56bfc062723c751e8b465ee728b)  -> (artifact id: '6000ce2c1677df7a51e9e6037dfd7d63') in 0.007566 seconds 
========================================================================
Received Import Request.
  Time since last request: 0.000015 seconds.
  path: Assets/sprites/cavesofgallet/industrial.v2_56.asset
  artifactKey: Guid(100c34e394093f84ebb54b7fc6a0e178) Importer(815301076,1909f56bfc062723c751e8b465ee728b)
Start importing Assets/sprites/cavesofgallet/industrial.v2_56.asset using Guid(100c34e394093f84ebb54b7fc6a0e178) Importer(815301076,1909f56bfc062723c751e8b465ee728b)  -> (artifact id: 'd12a0cd5f4700a63e68071c34f67a631') in 0.010633 seconds 
========================================================================
Received Import Request.
  Time since last request: 0.000018 seconds.
  path: Assets/sprites/cavesofgallet/industrial.v2_22.asset
  artifactKey: Guid(ae0df146cc6d2b24cac3658a87507889) Importer(815301076,1909f56bfc062723c751e8b465ee728b)
Start importing Assets/sprites/cavesofgallet/industrial.v2_22.asset using Guid(ae0df146cc6d2b24cac3658a87507889) Importer(815301076,1909f56bfc062723c751e8b465ee728b)  -> (artifact id: '92a2fbd517fcd5b6a405c5a17160968e') in 0.008911 seconds 
========================================================================
Received Import Request.
  Time since last request: 0.000018 seconds.
  path: Assets/sprites/cavesofgallet/industrial.v2_63.asset
  artifactKey: Guid(a3236594d54190641aa931506975b4c5) Importer(815301076,1909f56bfc062723c751e8b465ee728b)
Start importing Assets/sprites/cavesofgallet/industrial.v2_63.asset using Guid(a3236594d54190641aa931506975b4c5) Importer(815301076,1909f56bfc062723c751e8b465ee728b)  -> (artifact id: '7533a544abe4e12ffee2a6a6ef555f6c') in 0.007515 seconds 
========================================================================
Received Import Request.
  Time since last request: 0.000019 seconds.
  path: Assets/sprites/cavesofgallet/industrial.v2_66.asset
  artifactKey: Guid(5d0d12771aedbde408fc0414598fe426) Importer(815301076,1909f56bfc062723c751e8b465ee728b)
Start importing Assets/sprites/cavesofgallet/industrial.v2_66.asset using Guid(5d0d12771aedbde408fc0414598fe426) Importer(815301076,1909f56bfc062723c751e8b465ee728b)  -> (artifact id: 'b5c161a9d0941a6b08535962cf46f81f') in 0.009232 seconds 
========================================================================
Received Import Request.
  Time since last request: 0.000015 seconds.
  path: Assets/sprites/cavesofgallet/industrial.v2_5.asset
  artifactKey: Guid(ebe7d7cc66e3bf848ad2aa2b843372a1) Importer(815301076,1909f56bfc062723c751e8b465ee728b)
Start importing Assets/sprites/cavesofgallet/industrial.v2_5.asset using Guid(ebe7d7cc66e3bf848ad2aa2b843372a1) Importer(815301076,1909f56bfc062723c751e8b465ee728b)  -> (artifact id: 'aeacd22e8ef1661196ceec85b716399c') in 0.027130 seconds 
========================================================================
Received Import Request.
  Time since last request: 0.000023 seconds.
  path: Assets/sprites/cavesofgallet/industrial.v2_41.asset
  artifactKey: Guid(e75d968797c991b45ac49b41ab7851b7) Importer(815301076,1909f56bfc062723c751e8b465ee728b)
Start importing Assets/sprites/cavesofgallet/industrial.v2_41.asset using Guid(e75d968797c991b45ac49b41ab7851b7) Importer(815301076,1909f56bfc062723c751e8b465ee728b)  -> (artifact id: '3f318c3e8c0f0e62826998ebf7b63abf') in 0.010401 seconds 
========================================================================
Received Import Request.
  Time since last request: 0.000018 seconds.
  path: Assets/sprites/cavesofgallet/industrial.v2_88.asset
  artifactKey: Guid(e17a192acf4c0e6489bec3ecf63681e1) Importer(815301076,1909f56bfc062723c751e8b465ee728b)
Start importing Assets/sprites/cavesofgallet/industrial.v2_88.asset using Guid(e17a192acf4c0e6489bec3ecf63681e1) Importer(815301076,1909f56bfc062723c751e8b465ee728b)  -> (artifact id: '0da6d3fff035c8740a0e7309919f7bc9') in 0.013184 seconds 
========================================================================
Received Import Request.
  Time since last request: 0.000018 seconds.
  path: Assets/sprites/cavesofgallet/industrial.v2_32.asset
  artifactKey: Guid(10055a1b0ddcdd84998ebb67cd6d02c6) Importer(815301076,1909f56bfc062723c751e8b465ee728b)
Start importing Assets/sprites/cavesofgallet/industrial.v2_32.asset using Guid(10055a1b0ddcdd84998ebb67cd6d02c6) Importer(815301076,1909f56bfc062723c751e8b465ee728b)  -> (artifact id: '27b3a749922c319ed3ebce923875c367') in 0.014204 seconds 
========================================================================
Received Import Request.
  Time since last request: 0.000018 seconds.
  path: Assets/sprites/cavesofgallet/industrial.v2_50.asset
  artifactKey: Guid(a030364b2b12f66488c3f96989718d3c) Importer(815301076,1909f56bfc062723c751e8b465ee728b)
Start importing Assets/sprites/cavesofgallet/industrial.v2_50.asset using Guid(a030364b2b12f66488c3f96989718d3c) Importer(815301076,1909f56bfc062723c751e8b465ee728b)  -> (artifact id: '552c46a2d13e81d267829ae601bea759') in 0.008240 seconds 
========================================================================
Received Import Request.
  Time since last request: 0.000021 seconds.
  path: Assets/sprites/cavesofgallet/industrial.v2_70.asset
  artifactKey: Guid(fb1d969bb760cd34b93d0579a0a6ac10) Importer(815301076,1909f56bfc062723c751e8b465ee728b)
Start importing Assets/sprites/cavesofgallet/industrial.v2_70.asset using Guid(fb1d969bb760cd34b93d0579a0a6ac10) Importer(815301076,1909f56bfc062723c751e8b465ee728b)  -> (artifact id: 'fd9298c8a77b328014a18601979b2834') in 0.010122 seconds 
========================================================================
Received Import Request.
  Time since last request: 0.000018 seconds.
  path: Assets/sprites/cavesofgallet/industrial.v2_94.asset
  artifactKey: Guid(73d5b4a452fcf2a45a0af3813142d5dd) Importer(815301076,1909f56bfc062723c751e8b465ee728b)
Start importing Assets/sprites/cavesofgallet/industrial.v2_94.asset using Guid(73d5b4a452fcf2a45a0af3813142d5dd) Importer(815301076,1909f56bfc062723c751e8b465ee728b)  -> (artifact id: 'e8827cff71683dddf401ddf59ebdef80') in 0.008448 seconds 
========================================================================
Received Import Request.
  Time since last request: 0.000022 seconds.
  path: Assets/sprites/cavesofgallet/industrial.v2_90.asset
  artifactKey: Guid(a88ac82d255ea9c49aeafc9945e6488c) Importer(815301076,1909f56bfc062723c751e8b465ee728b)
Start importing Assets/sprites/cavesofgallet/industrial.v2_90.asset using Guid(a88ac82d255ea9c49aeafc9945e6488c) Importer(815301076,1909f56bfc062723c751e8b465ee728b)  -> (artifact id: '79f6ffebeb03f7666b1f62d80eff9295') in 0.013069 seconds 
========================================================================
Received Import Request.
  Time since last request: 0.000023 seconds.
  path: Assets/sprites/cavesofgallet/industrial.v2_23.asset
  artifactKey: Guid(9bf2a26ff33a6234c9b921ecd54f0663) Importer(815301076,1909f56bfc062723c751e8b465ee728b)
Start importing Assets/sprites/cavesofgallet/industrial.v2_23.asset using Guid(9bf2a26ff33a6234c9b921ecd54f0663) Importer(815301076,1909f56bfc062723c751e8b465ee728b)  -> (artifact id: '25c20e65257656891551feed068aeb5a') in 0.011171 seconds 
========================================================================
Received Import Request.
  Time since last request: 0.000025 seconds.
  path: Assets/sprites/cavesofgallet/industrial.v2_57.asset
  artifactKey: Guid(9de9982a20866954ba8e62ba874dceb2) Importer(815301076,1909f56bfc062723c751e8b465ee728b)
Start importing Assets/sprites/cavesofgallet/industrial.v2_57.asset using Guid(9de9982a20866954ba8e62ba874dceb2) Importer(815301076,1909f56bfc062723c751e8b465ee728b)  -> (artifact id: '26dd40fdb4b3648a0e9a3fa20ccc2546') in 0.011627 seconds 
========================================================================
Received Import Request.
  Time since last request: 0.000015 seconds.
  path: Assets/sprites/cavesofgallet/industrial.v2_21.asset
  artifactKey: Guid(5f4bf5a17e06363408beda9842ac2306) Importer(815301076,1909f56bfc062723c751e8b465ee728b)
Start importing Assets/sprites/cavesofgallet/industrial.v2_21.asset using Guid(5f4bf5a17e06363408beda9842ac2306) Importer(815301076,1909f56bfc062723c751e8b465ee728b)  -> (artifact id: 'c1e810f0239e9ff43b06b67f8c3057c7') in 0.009260 seconds 
========================================================================
Received Import Request.
  Time since last request: 0.000019 seconds.
  path: Assets/sprites/cavesofgallet/industrial.v2_26.asset
  artifactKey: Guid(3e4e4ed4f2410f246abcf6f5c910894d) Importer(815301076,1909f56bfc062723c751e8b465ee728b)
Start importing Assets/sprites/cavesofgallet/industrial.v2_26.asset using Guid(3e4e4ed4f2410f246abcf6f5c910894d) Importer(815301076,1909f56bfc062723c751e8b465ee728b)  -> (artifact id: '1b893faf150e4ee62f084bca403b7965') in 0.013597 seconds 
========================================================================
Received Import Request.
  Time since last request: 0.000020 seconds.
  path: Assets/sprites/cavesofgallet/industrial.v2_3.asset
  artifactKey: Guid(1f863dd9f3fef704099785cb09d5725a) Importer(815301076,1909f56bfc062723c751e8b465ee728b)
Start importing Assets/sprites/cavesofgallet/industrial.v2_3.asset using Guid(1f863dd9f3fef704099785cb09d5725a) Importer(815301076,1909f56bfc062723c751e8b465ee728b)  -> (artifact id: '2aca87560835766db231dd0304e18905') in 0.007263 seconds 
========================================================================
Received Import Request.
  Time since last request: 0.000017 seconds.
  path: Assets/sprites/cavesofgallet/industrial.v2_54.asset
  artifactKey: Guid(a0ad0a9410f306645ab4141a484f0ab2) Importer(815301076,1909f56bfc062723c751e8b465ee728b)
Start importing Assets/sprites/cavesofgallet/industrial.v2_54.asset using Guid(a0ad0a9410f306645ab4141a484f0ab2) Importer(815301076,1909f56bfc062723c751e8b465ee728b)  -> (artifact id: 'c32e8fdc456c53484c38a9ee06fef82c') in 0.007899 seconds 
========================================================================
Received Import Request.
  Time since last request: 0.000016 seconds.
  path: Assets/sprites/cavesofgallet/industrial.v2_79.asset
  artifactKey: Guid(410e34085dd5c1b4b94c8f98b7be8ec6) Importer(815301076,1909f56bfc062723c751e8b465ee728b)
Start importing Assets/sprites/cavesofgallet/industrial.v2_79.asset using Guid(410e34085dd5c1b4b94c8f98b7be8ec6) Importer(815301076,1909f56bfc062723c751e8b465ee728b)  -> (artifact id: '3851a4bf2ef4427aa769e58295e18eb2') in 0.008611 seconds 
========================================================================
Received Import Request.
  Time since last request: 0.000016 seconds.
  path: Assets/sprites/cavesofgallet/industrial.v2_75.asset
  artifactKey: Guid(64ad439f7e507b444a81fa0c27d9203d) Importer(815301076,1909f56bfc062723c751e8b465ee728b)
Start importing Assets/sprites/cavesofgallet/industrial.v2_75.asset using Guid(64ad439f7e507b444a81fa0c27d9203d) Importer(815301076,1909f56bfc062723c751e8b465ee728b)  -> (artifact id: '3218082c92c5bb43a6bf8169f8aab989') in 0.007368 seconds 
========================================================================
Received Import Request.
  Time since last request: 0.000029 seconds.
  path: Assets/sprites/cavesofgallet/industrial.v2_18.asset
  artifactKey: Guid(2274ecb135f8e614dbc814eee65e3a3b) Importer(815301076,1909f56bfc062723c751e8b465ee728b)
Start importing Assets/sprites/cavesofgallet/industrial.v2_18.asset using Guid(2274ecb135f8e614dbc814eee65e3a3b) Importer(815301076,1909f56bfc062723c751e8b465ee728b)  -> (artifact id: '7f1bacb86736a505019ca4009f7df2b6') in 0.010980 seconds 
========================================================================
Received Import Request.
  Time since last request: 0.000022 seconds.
  path: Assets/sprites/cavesofgallet/industrial.v2_49.asset
  artifactKey: Guid(93d530f522855974f9860d4aea70cf62) Importer(815301076,1909f56bfc062723c751e8b465ee728b)
Start importing Assets/sprites/cavesofgallet/industrial.v2_49.asset using Guid(93d530f522855974f9860d4aea70cf62) Importer(815301076,1909f56bfc062723c751e8b465ee728b)  -> (artifact id: '4898b863ded1f847d878b904629ae9a0') in 0.009343 seconds 
========================================================================
Received Import Request.
  Time since last request: 0.000028 seconds.
  path: Assets/sprites/cavesofgallet/industrial.v2_14.asset
  artifactKey: Guid(b9c155a2c476a5945bcd395b87a58763) Importer(815301076,1909f56bfc062723c751e8b465ee728b)
Start importing Assets/sprites/cavesofgallet/industrial.v2_14.asset using Guid(b9c155a2c476a5945bcd395b87a58763) Importer(815301076,1909f56bfc062723c751e8b465ee728b)  -> (artifact id: '4e7169b7d3ac5f823cc32b261346f062') in 0.010094 seconds 
========================================================================
Received Import Request.
  Time since last request: 0.000016 seconds.
  path: Assets/sprites/cavesofgallet/industrial.v2_64.asset
  artifactKey: Guid(9513254fb0ae052489f11e190f8a349f) Importer(815301076,1909f56bfc062723c751e8b465ee728b)
Start importing Assets/sprites/cavesofgallet/industrial.v2_64.asset using Guid(9513254fb0ae052489f11e190f8a349f) Importer(815301076,1909f56bfc062723c751e8b465ee728b)  -> (artifact id: '659f955d66f070696883f897284a5262') in 0.007714 seconds 
========================================================================
Received Import Request.
  Time since last request: 0.000061 seconds.
  path: Assets/sprites/cavesofgallet/industrial.v2_93.asset
  artifactKey: Guid(22dd68bb0b63d394cb533dc2ae308e82) Importer(815301076,1909f56bfc062723c751e8b465ee728b)
Start importing Assets/sprites/cavesofgallet/industrial.v2_93.asset using Guid(22dd68bb0b63d394cb533dc2ae308e82) Importer(815301076,1909f56bfc062723c751e8b465ee728b)  -> (artifact id: '78ebd1f4686eeb1afa10d8bde56a962c') in 0.008766 seconds 
========================================================================
Received Import Request.
  Time since last request: 0.000017 seconds.
  path: Assets/sprites/cavesofgallet/industrial.v2_92.asset
  artifactKey: Guid(1e267f10b18662b40aa57f0af87d82e3) Importer(815301076,1909f56bfc062723c751e8b465ee728b)
Start importing Assets/sprites/cavesofgallet/industrial.v2_92.asset using Guid(1e267f10b18662b40aa57f0af87d82e3) Importer(815301076,1909f56bfc062723c751e8b465ee728b)  -> (artifact id: '43fe9d0db6594ac85eaf0e2460162d06') in 0.007835 seconds 
========================================================================
Received Import Request.
  Time since last request: 0.000017 seconds.
  path: Assets/sprites/cavesofgallet/industrial.v2_8.asset
  artifactKey: Guid(0f4986ef6c8a4954a8f38ccec7ed078a) Importer(815301076,1909f56bfc062723c751e8b465ee728b)
Start importing Assets/sprites/cavesofgallet/industrial.v2_8.asset using Guid(0f4986ef6c8a4954a8f38ccec7ed078a) Importer(815301076,1909f56bfc062723c751e8b465ee728b)  -> (artifact id: '4235b73e77787eb5eb57f32e591d813d') in 0.010247 seconds 
========================================================================
Received Import Request.
  Time since last request: 0.000015 seconds.
  path: Assets/sprites/cavesofgallet/industrial.v2_78.asset
  artifactKey: Guid(253a25f3c4e97dd40bf8829ebdf87a5f) Importer(815301076,1909f56bfc062723c751e8b465ee728b)
Start importing Assets/sprites/cavesofgallet/industrial.v2_78.asset using Guid(253a25f3c4e97dd40bf8829ebdf87a5f) Importer(815301076,1909f56bfc062723c751e8b465ee728b)  -> (artifact id: '7457e5cea9189e790a1d660410be7385') in 0.012831 seconds 
========================================================================
Received Import Request.
  Time since last request: 0.000018 seconds.
  path: Assets/sprites/cavesofgallet/industrial.v2_16.asset
  artifactKey: Guid(818793292b319e145bc0510d29a5df32) Importer(815301076,1909f56bfc062723c751e8b465ee728b)
Start importing Assets/sprites/cavesofgallet/industrial.v2_16.asset using Guid(818793292b319e145bc0510d29a5df32) Importer(815301076,1909f56bfc062723c751e8b465ee728b)  -> (artifact id: '3e9a8f5e3e229b660009465d6d632859') in 0.009871 seconds 
========================================================================
Received Import Request.
  Time since last request: 0.000016 seconds.
  path: Assets/sprites/cavesofgallet/industrial.v2_76.asset
  artifactKey: Guid(c9ed48b42c92ff5428b25ba7bcd34c8b) Importer(815301076,1909f56bfc062723c751e8b465ee728b)
Start importing Assets/sprites/cavesofgallet/industrial.v2_76.asset using Guid(c9ed48b42c92ff5428b25ba7bcd34c8b) Importer(815301076,1909f56bfc062723c751e8b465ee728b)  -> (artifact id: '7fe82ce209d6fc39db2d2957201320d0') in 0.009760 seconds 
========================================================================
Received Import Request.
  Time since last request: 0.000025 seconds.
  path: Assets/sprites/cavesofgallet/industrial.v2_61.asset
  artifactKey: Guid(3d3ca5b5209b5644d8fba33d282f98ce) Importer(815301076,1909f56bfc062723c751e8b465ee728b)
Start importing Assets/sprites/cavesofgallet/industrial.v2_61.asset using Guid(3d3ca5b5209b5644d8fba33d282f98ce) Importer(815301076,1909f56bfc062723c751e8b465ee728b)  -> (artifact id: '02bd7418758d7aad0e3f5ead614d24e6') in 0.007158 seconds 
========================================================================
Received Import Request.
  Time since last request: 0.000021 seconds.
  path: Assets/sprites/cavesofgallet/industrial.v2_10.asset
  artifactKey: Guid(3c4b1d16ffe0ea84b8e986edb6c75e10) Importer(815301076,1909f56bfc062723c751e8b465ee728b)
Start importing Assets/sprites/cavesofgallet/industrial.v2_10.asset using Guid(3c4b1d16ffe0ea84b8e986edb6c75e10) Importer(815301076,1909f56bfc062723c751e8b465ee728b)  -> (artifact id: 'b3805e6b076600a9639f0e5b5de5a778') in 0.010412 seconds 
========================================================================
Received Import Request.
  Time since last request: 0.000018 seconds.
  path: Assets/sprites/cavesofgallet/industrial.v2_17.asset
  artifactKey: Guid(5b396084322b6d4428f4c7c29b173b18) Importer(815301076,1909f56bfc062723c751e8b465ee728b)
Start importing Assets/sprites/cavesofgallet/industrial.v2_17.asset using Guid(5b396084322b6d4428f4c7c29b173b18) Importer(815301076,1909f56bfc062723c751e8b465ee728b)  -> (artifact id: '65afa1e0a67181612735c6acbd2c3666') in 0.007837 seconds 
========================================================================
Received Import Request.
  Time since last request: 0.000016 seconds.
  path: Assets/sprites/cavesofgallet/industrial.v2_19.asset
  artifactKey: Guid(b08caac4504069d489757c6c47473eef) Importer(815301076,1909f56bfc062723c751e8b465ee728b)
Start importing Assets/sprites/cavesofgallet/industrial.v2_19.asset using Guid(b08caac4504069d489757c6c47473eef) Importer(815301076,1909f56bfc062723c751e8b465ee728b)  -> (artifact id: 'b5049905de3796eb7be521065d22a9df') in 0.008759 seconds 
========================================================================
Received Import Request.
  Time since last request: 0.000015 seconds.
  path: Assets/sprites/cavesofgallet/industrial.v2_36.asset
  artifactKey: Guid(c5e15848db78acd458eb2e3f87e2a67f) Importer(815301076,1909f56bfc062723c751e8b465ee728b)
Start importing Assets/sprites/cavesofgallet/industrial.v2_36.asset using Guid(c5e15848db78acd458eb2e3f87e2a67f) Importer(815301076,1909f56bfc062723c751e8b465ee728b)  -> (artifact id: 'db7cfbe32377d2a7e609e13e14cccc90') in 0.009472 seconds 
========================================================================
Received Import Request.
  Time since last request: 0.000018 seconds.
  path: Assets/sprites/cavesofgallet/industrial.v2_29.asset
  artifactKey: Guid(39e5ce42fd29407469f09be68b54f2a4) Importer(815301076,1909f56bfc062723c751e8b465ee728b)
Start importing Assets/sprites/cavesofgallet/industrial.v2_29.asset using Guid(39e5ce42fd29407469f09be68b54f2a4) Importer(815301076,1909f56bfc062723c751e8b465ee728b)  -> (artifact id: '8c474451762ad7d4db217a5b40e8e1b6') in 0.007646 seconds 
========================================================================
Received Import Request.
  Time since last request: 0.000021 seconds.
  path: Assets/sprites/cavesofgallet/industrial.v2_53.asset
  artifactKey: Guid(044ae6ea02ca55944ac4d91605ea1774) Importer(815301076,1909f56bfc062723c751e8b465ee728b)
Start importing Assets/sprites/cavesofgallet/industrial.v2_53.asset using Guid(044ae6ea02ca55944ac4d91605ea1774) Importer(815301076,1909f56bfc062723c751e8b465ee728b)  -> (artifact id: 'd454455d585c37028dd79326ca8a9e67') in 0.008182 seconds 
========================================================================
Received Import Request.
  Time since last request: 0.000024 seconds.
  path: Assets/sprites/cavesofgallet/industrial.v2_71.asset
  artifactKey: Guid(a2856e4d06b76784db90ec9127f9014c) Importer(815301076,1909f56bfc062723c751e8b465ee728b)
Start importing Assets/sprites/cavesofgallet/industrial.v2_71.asset using Guid(a2856e4d06b76784db90ec9127f9014c) Importer(815301076,1909f56bfc062723c751e8b465ee728b)  -> (artifact id: '5d04126c4a0c6a5db8e393fcdbc0c15f') in 0.009198 seconds 
========================================================================
Received Import Request.
  Time since last request: 0.000017 seconds.
  path: Assets/sprites/cavesofgallet/industrial.v2_31.asset
  artifactKey: Guid(b3f8cf7efaf012741ab35bdf3971360f) Importer(815301076,1909f56bfc062723c751e8b465ee728b)
Start importing Assets/sprites/cavesofgallet/industrial.v2_31.asset using Guid(b3f8cf7efaf012741ab35bdf3971360f) Importer(815301076,1909f56bfc062723c751e8b465ee728b)  -> (artifact id: '2c82e4a3075a91f9505312a208862935') in 0.008764 seconds 
========================================================================
Received Import Request.
  Time since last request: 0.000013 seconds.
  path: Assets/sprites/cavesofgallet/industrial.v2_96.asset
  artifactKey: Guid(f7eb3e814665b104393b22e17450e9e8) Importer(815301076,1909f56bfc062723c751e8b465ee728b)
Start importing Assets/sprites/cavesofgallet/industrial.v2_96.asset using Guid(f7eb3e814665b104393b22e17450e9e8) Importer(815301076,1909f56bfc062723c751e8b465ee728b)  -> (artifact id: 'c977ecdea0f328b217a9f254c3ed347a') in 0.007205 seconds 
========================================================================
Received Prepare
Registering precompiled user dll's ...
Registered in 0.007011 seconds.
Begin MonoManager ReloadAssembly
Symbol file LoadedFromMemory doesn't match image D:\games\unity\ShotgunJumper\ShotgunJumper\Library\PackageCache\com.unity.visualscripting@1.7.6\Editor\VisualScripting.Core\Dependencies\YamlDotNet\Unity.VisualScripting.YamlDotNet.dll
Symbol file LoadedFromMemory doesn't match image D:\games\unity\ShotgunJumper\ShotgunJumper\Library\PackageCache\com.unity.visualscripting@1.7.6\Editor\VisualScripting.Core\Dependencies\DotNetZip\Unity.VisualScripting.IonicZip.dll
Native extension for WindowsStandalone target not found
Refreshing native plugins compatible for Editor in 0.85 ms, found 4 plugins.
Preloading 0 native plugins for Editor in 0.00 ms.
Mono: successfully reloaded assembly
- Completed reload, in  1.506 seconds
Domain Reload Profiling:
	ReloadAssembly (1507ms)
		BeginReloadAssembly (197ms)
			ExecutionOrderSort (0ms)
			DisableScriptedObjects (9ms)
			BackupInstance (0ms)
			ReleaseScriptingObjects (0ms)
			CreateAndSetChildDomain (55ms)
		EndReloadAssembly (1208ms)
			LoadAssemblies (148ms)
			RebuildTransferFunctionScriptingTraits (0ms)
			SetupTypeCache (299ms)
			ReleaseScriptCaches (2ms)
			RebuildScriptCaches (58ms)
			SetupLoadedEditorAssemblies (685ms)
				LogAssemblyErrors (0ms)
				InitializePlatformSupportModulesInManaged (14ms)
				SetLoadedEditorAssemblies (1ms)
				RefreshPlugins (2ms)
				BeforeProcessingInitializeOnLoad (99ms)
				ProcessInitializeOnLoadAttributes (486ms)
				ProcessInitializeOnLoadMethodAttributes (81ms)
				AfterProcessingInitializeOnLoad (3ms)
				EditorAssembliesLoaded (0ms)
			ExecutionOrderSort2 (0ms)
			AwakeInstancesAfterBackupRestoration (9ms)
Platform modules already initialized, skipping
Refreshing native plugins compatible for Editor in 2.26 ms, found 4 plugins.
Preloading 0 native plugins for Editor in 0.00 ms.
Unloading 5579 Unused Serialized files (Serialized files now loaded: 0)
Unloading 27 unused Assets / (0.7 MB). Loaded Objects now: 6165.
Memory consumption went from 215.0 MB to 214.3 MB.
Total: 4.254000 ms (FindLiveObjects: 0.416700 ms CreateObjectMapping: 0.457700 ms MarkObjects: 3.128100 ms  DeleteObjects: 0.250300 ms)

AssetImportParameters requested are different than current active one (requested -> active):
  custom:video-decoder-ogg-theora: a1e56fd34408186e4bbccfd4996cb3dc -> 
  custom:container-muxer-webm: aa71ff27fc2769a1b78a27578f13a17b -> 
  custom:container-demuxer-webm: 4f35f7cbe854078d1ac9338744f61a02 -> 
  custom:video-encoder-webm-vp8: eb34c28f22e8b96e1ab97ce403110664 -> 
  custom:audio-encoder-webm-vorbis: bf7c407c2cedff20999df2af8eb42d56 -> 
  custom:framework-win-MediaFoundation: 216162199b28c13a410421893ffa2e32 -> 
  custom:container-demuxer-ogg: 62fdf1f143b41e24485cea50d1cbac27 -> 
  custom:video-decoder-webm-vp8: 9c59270c3fd7afecdb556c50c9e8de78 -> 
  custom:audio-decoder-ogg-vorbis: bf7c407c2cedff20999df2af8eb42d56 -> 
========================================================================
Received Import Request.
  Time since last request: 245.716285 seconds.
  path: Assets/GoombaScript.cs
  artifactKey: Guid(f3ce58ff7c9c7d64e85056b131c48a99) Importer(815301076,1909f56bfc062723c751e8b465ee728b)
Start importing Assets/GoombaScript.cs using Guid(f3ce58ff7c9c7d64e85056b131c48a99) Importer(815301076,1909f56bfc062723c751e8b465ee728b)  -> (artifact id: '467979f44a322a575b01067aaa8201bc') in 0.013893 seconds 
========================================================================
Received Prepare
Registering precompiled user dll's ...
Registered in 0.006909 seconds.
Begin MonoManager ReloadAssembly
Symbol file LoadedFromMemory doesn't match image D:\games\unity\ShotgunJumper\ShotgunJumper\Library\PackageCache\com.unity.visualscripting@1.7.6\Editor\VisualScripting.Core\Dependencies\YamlDotNet\Unity.VisualScripting.YamlDotNet.dll
Symbol file LoadedFromMemory doesn't match image D:\games\unity\ShotgunJumper\ShotgunJumper\Library\PackageCache\com.unity.visualscripting@1.7.6\Editor\VisualScripting.Core\Dependencies\DotNetZip\Unity.VisualScripting.IonicZip.dll
Native extension for WindowsStandalone target not found
Refreshing native plugins compatible for Editor in 0.98 ms, found 4 plugins.
Preloading 0 native plugins for Editor in 0.00 ms.
Mono: successfully reloaded assembly
- Completed reload, in  1.559 seconds
Domain Reload Profiling:
	ReloadAssembly (1560ms)
		BeginReloadAssembly (177ms)
			ExecutionOrderSort (0ms)
			DisableScriptedObjects (7ms)
			BackupInstance (0ms)
			ReleaseScriptingObjects (0ms)
			CreateAndSetChildDomain (44ms)
		EndReloadAssembly (1280ms)
			LoadAssemblies (154ms)
			RebuildTransferFunctionScriptingTraits (0ms)
			SetupTypeCache (324ms)
			ReleaseScriptCaches (2ms)
			RebuildScriptCaches (61ms)
			SetupLoadedEditorAssemblies (709ms)
				LogAssemblyErrors (0ms)
				InitializePlatformSupportModulesInManaged (12ms)
				SetLoadedEditorAssemblies (1ms)
				RefreshPlugins (1ms)
				BeforeProcessingInitializeOnLoad (96ms)
				ProcessInitializeOnLoadAttributes (494ms)
				ProcessInitializeOnLoadMethodAttributes (101ms)
				AfterProcessingInitializeOnLoad (3ms)
				EditorAssembliesLoaded (0ms)
			ExecutionOrderSort2 (0ms)
			AwakeInstancesAfterBackupRestoration (11ms)
Platform modules already initialized, skipping
Refreshing native plugins compatible for Editor in 2.36 ms, found 4 plugins.
Preloading 0 native plugins for Editor in 0.00 ms.
Unloading 5579 Unused Serialized files (Serialized files now loaded: 0)
Unloading 27 unused Assets / (0.7 MB). Loaded Objects now: 6167.
Memory consumption went from 215.0 MB to 214.3 MB.
Total: 4.047000 ms (FindLiveObjects: 0.388800 ms CreateObjectMapping: 0.346100 ms MarkObjects: 3.047900 ms  DeleteObjects: 0.263400 ms)

AssetImportParameters requested are different than current active one (requested -> active):
  custom:video-decoder-ogg-theora: a1e56fd34408186e4bbccfd4996cb3dc -> 
  custom:container-muxer-webm: aa71ff27fc2769a1b78a27578f13a17b -> 
  custom:container-demuxer-webm: 4f35f7cbe854078d1ac9338744f61a02 -> 
  custom:video-encoder-webm-vp8: eb34c28f22e8b96e1ab97ce403110664 -> 
  custom:audio-encoder-webm-vorbis: bf7c407c2cedff20999df2af8eb42d56 -> 
  custom:framework-win-MediaFoundation: 216162199b28c13a410421893ffa2e32 -> 
  custom:container-demuxer-ogg: 62fdf1f143b41e24485cea50d1cbac27 -> 
  custom:video-decoder-webm-vp8: 9c59270c3fd7afecdb556c50c9e8de78 -> 
  custom:audio-decoder-ogg-vorbis: bf7c407c2cedff20999df2af8eb42d56 -> 
========================================================================
Received Prepare
Registering precompiled user dll's ...
Registered in 0.007285 seconds.
Begin MonoManager ReloadAssembly
Symbol file LoadedFromMemory doesn't match image D:\games\unity\ShotgunJumper\ShotgunJumper\Library\PackageCache\com.unity.visualscripting@1.7.6\Editor\VisualScripting.Core\Dependencies\YamlDotNet\Unity.VisualScripting.YamlDotNet.dll
Symbol file LoadedFromMemory doesn't match image D:\games\unity\ShotgunJumper\ShotgunJumper\Library\PackageCache\com.unity.visualscripting@1.7.6\Editor\VisualScripting.Core\Dependencies\DotNetZip\Unity.VisualScripting.IonicZip.dll
Native extension for WindowsStandalone target not found
Refreshing native plugins compatible for Editor in 1.25 ms, found 4 plugins.
Preloading 0 native plugins for Editor in 0.00 ms.
Mono: successfully reloaded assembly
- Completed reload, in  1.689 seconds
Domain Reload Profiling:
	ReloadAssembly (1690ms)
		BeginReloadAssembly (213ms)
			ExecutionOrderSort (0ms)
			DisableScriptedObjects (7ms)
			BackupInstance (0ms)
			ReleaseScriptingObjects (0ms)
			CreateAndSetChildDomain (47ms)
		EndReloadAssembly (1356ms)
			LoadAssemblies (187ms)
			RebuildTransferFunctionScriptingTraits (0ms)
			SetupTypeCache (306ms)
			ReleaseScriptCaches (3ms)
			RebuildScriptCaches (64ms)
			SetupLoadedEditorAssemblies (785ms)
				LogAssemblyErrors (0ms)
				InitializePlatformSupportModulesInManaged (18ms)
				SetLoadedEditorAssemblies (2ms)
				RefreshPlugins (1ms)
				BeforeProcessingInitializeOnLoad (119ms)
				ProcessInitializeOnLoadAttributes (548ms)
				ProcessInitializeOnLoadMethodAttributes (93ms)
				AfterProcessingInitializeOnLoad (4ms)
				EditorAssembliesLoaded (0ms)
			ExecutionOrderSort2 (0ms)
			AwakeInstancesAfterBackupRestoration (9ms)
Platform modules already initialized, skipping
Refreshing native plugins compatible for Editor in 3.57 ms, found 4 plugins.
Preloading 0 native plugins for Editor in 0.00 ms.
Unloading 5579 Unused Serialized files (Serialized files now loaded: 0)
Unloading 27 unused Assets / (0.7 MB). Loaded Objects now: 6169.
Memory consumption went from 215.0 MB to 214.4 MB.
Total: 3.411600 ms (FindLiveObjects: 0.365500 ms CreateObjectMapping: 0.336100 ms MarkObjects: 2.448600 ms  DeleteObjects: 0.260500 ms)

AssetImportParameters requested are different than current active one (requested -> active):
  custom:video-decoder-ogg-theora: a1e56fd34408186e4bbccfd4996cb3dc -> 
  custom:container-muxer-webm: aa71ff27fc2769a1b78a27578f13a17b -> 
  custom:container-demuxer-webm: 4f35f7cbe854078d1ac9338744f61a02 -> 
  custom:video-encoder-webm-vp8: eb34c28f22e8b96e1ab97ce403110664 -> 
  custom:audio-encoder-webm-vorbis: bf7c407c2cedff20999df2af8eb42d56 -> 
  custom:framework-win-MediaFoundation: 216162199b28c13a410421893ffa2e32 -> 
  custom:container-demuxer-ogg: 62fdf1f143b41e24485cea50d1cbac27 -> 
  custom:video-decoder-webm-vp8: 9c59270c3fd7afecdb556c50c9e8de78 -> 
  custom:audio-decoder-ogg-vorbis: bf7c407c2cedff20999df2af8eb42d56 -> 
========================================================================
Received Prepare
Registering precompiled user dll's ...
Registered in 0.008015 seconds.
Begin MonoManager ReloadAssembly
Symbol file LoadedFromMemory doesn't match image D:\games\unity\ShotgunJumper\ShotgunJumper\Library\PackageCache\com.unity.visualscripting@1.7.6\Editor\VisualScripting.Core\Dependencies\YamlDotNet\Unity.VisualScripting.YamlDotNet.dll
Symbol file LoadedFromMemory doesn't match image D:\games\unity\ShotgunJumper\ShotgunJumper\Library\PackageCache\com.unity.visualscripting@1.7.6\Editor\VisualScripting.Core\Dependencies\DotNetZip\Unity.VisualScripting.IonicZip.dll
Native extension for WindowsStandalone target not found
Refreshing native plugins compatible for Editor in 0.96 ms, found 4 plugins.
Preloading 0 native plugins for Editor in 0.00 ms.
Mono: successfully reloaded assembly
- Completed reload, in  1.407 seconds
Domain Reload Profiling:
	ReloadAssembly (1408ms)
		BeginReloadAssembly (171ms)
			ExecutionOrderSort (0ms)
			DisableScriptedObjects (8ms)
			BackupInstance (0ms)
			ReleaseScriptingObjects (0ms)
			CreateAndSetChildDomain (48ms)
		EndReloadAssembly (1144ms)
			LoadAssemblies (131ms)
			RebuildTransferFunctionScriptingTraits (0ms)
			SetupTypeCache (267ms)
			ReleaseScriptCaches (2ms)
			RebuildScriptCaches (55ms)
			SetupLoadedEditorAssemblies (666ms)
				LogAssemblyErrors (0ms)
				InitializePlatformSupportModulesInManaged (11ms)
				SetLoadedEditorAssemblies (1ms)
				RefreshPlugins (1ms)
				BeforeProcessingInitializeOnLoad (89ms)
				ProcessInitializeOnLoadAttributes (477ms)
				ProcessInitializeOnLoadMethodAttributes (84ms)
				AfterProcessingInitializeOnLoad (3ms)
				EditorAssembliesLoaded (1ms)
			ExecutionOrderSort2 (0ms)
			AwakeInstancesAfterBackupRestoration (11ms)
Platform modules already initialized, skipping
