Using pre-set license
Built from '2021.2/staging' branch; Version is '2021.2.12f1 (48b1aa000234) revision 4764074'; Using compiler version '192829333'; Build Type 'Release'
OS: 'Windows 10  (10.0.19044) 64bit Professional' Language: 'de' Physical Memory: 32702 MB
BatchMode: 1, IsHumanControllingUs: 0, StartBugReporterOnCrash: 0, Is64bit: 1, IsPro: 0

COMMAND LINE ARGUMENTS:
E:\installs E\unity editors\2021.2.12f1\Editor\Unity.exe
-adb2
-batchMode
-noUpm
-name
AssetImportWorker1
-projectPath
D:/games/unity/ShotgunJumper/ShotgunJumper
-logFile
Logs/AssetImportWorker1.log
-srvPort
52589
Successfully changed project path to: D:/games/unity/ShotgunJumper/ShotgunJumper
D:/games/unity/ShotgunJumper/ShotgunJumper
[UnityMemory] Configuration Parameters - Can be set up in boot.config
    "memorysetup-bucket-allocator-granularity=16"
    "memorysetup-bucket-allocator-bucket-count=8"
    "memorysetup-bucket-allocator-block-size=33554432"
    "memorysetup-bucket-allocator-block-count=8"
    "memorysetup-main-allocator-block-size=16777216"
    "memorysetup-thread-allocator-block-size=16777216"
    "memorysetup-gfx-main-allocator-block-size=16777216"
    "memorysetup-gfx-thread-allocator-block-size=16777216"
    "memorysetup-cache-allocator-block-size=4194304"
    "memorysetup-typetree-allocator-block-size=2097152"
    "memorysetup-profiler-bucket-allocator-granularity=16"
    "memorysetup-profiler-bucket-allocator-bucket-count=8"
    "memorysetup-profiler-bucket-allocator-block-size=33554432"
    "memorysetup-profiler-bucket-allocator-block-count=8"
    "memorysetup-profiler-allocator-block-size=16777216"
    "memorysetup-profiler-editor-allocator-block-size=1048576"
    "memorysetup-temp-allocator-size-main=16777216"
    "memorysetup-job-temp-allocator-block-size=2097152"
    "memorysetup-job-temp-allocator-block-size-background=1048576"
    "memorysetup-job-temp-allocator-reduction-small-platforms=262144"
    "memorysetup-temp-allocator-size-background-worker=32768"
    "memorysetup-temp-allocator-size-job-worker=262144"
    "memorysetup-temp-allocator-size-preload-manager=33554432"
    "memorysetup-temp-allocator-size-nav-mesh-worker=65536"
    "memorysetup-temp-allocator-size-audio-worker=65536"
    "memorysetup-temp-allocator-size-cloud-worker=32768"
    "memorysetup-temp-allocator-size-gi-baking-worker=262144"
    "memorysetup-temp-allocator-size-gfx=262144"
Refreshing native plugins compatible for Editor in 123.40 ms, found 4 plugins.
Preloading 0 native plugins for Editor in 0.00 ms.
Initialize engine version: 2021.2.12f1 (48b1aa000234)
[Subsystems] Discovering subsystems at path E:/installs E/unity editors/2021.2.12f1/Editor/Data/Resources/UnitySubsystems
[Subsystems] Discovering subsystems at path D:/games/unity/ShotgunJumper/ShotgunJumper/Assets
GfxDevice: creating device client; threaded=0; jobified=0
Direct3D:
    Version:  Direct3D 11.0 [level 11.1]
    Renderer: NVIDIA GeForce RTX 2070 (ID=0x1f02)
    Vendor:   NVIDIA
    VRAM:     8031 MB
    Driver:   30.0.15.1179
Initialize mono
Mono path[0] = 'E:/installs E/unity editors/2021.2.12f1/Editor/Data/Managed'
Mono path[1] = 'E:/installs E/unity editors/2021.2.12f1/Editor/Data/MonoBleedingEdge/lib/mono/unityjit-win32'
Mono config path = 'E:/installs E/unity editors/2021.2.12f1/Editor/Data/MonoBleedingEdge/etc'
Using monoOptions --debugger-agent=transport=dt_socket,embedding=1,server=y,suspend=n,address=127.0.0.1:56796
Begin MonoManager ReloadAssembly
Registering precompiled unity dll's ...
Register platform support module: E:/installs E/unity editors/2021.2.12f1/Editor/Data/PlaybackEngines/WindowsStandaloneSupport/UnityEditor.WindowsStandalone.Extensions.dll
Registered in 0.004250 seconds.
Native extension for WindowsStandalone target not found
Refreshing native plugins compatible for Editor in 137.48 ms, found 4 plugins.
Preloading 0 native plugins for Editor in 0.00 ms.
Mono: successfully reloaded assembly
- Completed reload, in  0.930 seconds
Domain Reload Profiling:
	ReloadAssembly (931ms)
		BeginReloadAssembly (156ms)
			ExecutionOrderSort (0ms)
			DisableScriptedObjects (0ms)
			BackupInstance (0ms)
			ReleaseScriptingObjects (0ms)
			CreateAndSetChildDomain (2ms)
		EndReloadAssembly (616ms)
			LoadAssemblies (156ms)
			RebuildTransferFunctionScriptingTraits (0ms)
			SetupTypeCache (126ms)
			ReleaseScriptCaches (0ms)
			RebuildScriptCaches (36ms)
			SetupLoadedEditorAssemblies (395ms)
				LogAssemblyErrors (0ms)
				InitializePlatformSupportModulesInManaged (8ms)
				SetLoadedEditorAssemblies (0ms)
				RefreshPlugins (138ms)
				BeforeProcessingInitializeOnLoad (1ms)
				ProcessInitializeOnLoadAttributes (188ms)
				ProcessInitializeOnLoadMethodAttributes (60ms)
				AfterProcessingInitializeOnLoad (0ms)
				EditorAssembliesLoaded (0ms)
			ExecutionOrderSort2 (0ms)
			AwakeInstancesAfterBackupRestoration (0ms)
Platform modules already initialized, skipping
Registering precompiled user dll's ...
Registered in 0.007826 seconds.
Begin MonoManager ReloadAssembly
Symbol file LoadedFromMemory doesn't match image D:\games\unity\ShotgunJumper\ShotgunJumper\Library\PackageCache\com.unity.visualscripting@1.7.6\Editor\VisualScripting.Core\Dependencies\YamlDotNet\Unity.VisualScripting.YamlDotNet.dll
Symbol file LoadedFromMemory doesn't match image D:\games\unity\ShotgunJumper\ShotgunJumper\Library\PackageCache\com.unity.visualscripting@1.7.6\Editor\VisualScripting.Core\Dependencies\DotNetZip\Unity.VisualScripting.IonicZip.dll
Native extension for WindowsStandalone target not found
Refreshing native plugins compatible for Editor in 122.85 ms, found 4 plugins.
Preloading 0 native plugins for Editor in 0.00 ms.
Mono: successfully reloaded assembly
- Completed reload, in  2.009 seconds
Domain Reload Profiling:
	ReloadAssembly (2010ms)
		BeginReloadAssembly (144ms)
			ExecutionOrderSort (0ms)
			DisableScriptedObjects (6ms)
			BackupInstance (0ms)
			ReleaseScriptingObjects (0ms)
			CreateAndSetChildDomain (19ms)
		EndReloadAssembly (1757ms)
			LoadAssemblies (150ms)
			RebuildTransferFunctionScriptingTraits (0ms)
			SetupTypeCache (277ms)
			ReleaseScriptCaches (1ms)
			RebuildScriptCaches (70ms)
			SetupLoadedEditorAssemblies (1254ms)
				LogAssemblyErrors (0ms)
				InitializePlatformSupportModulesInManaged (4ms)
				SetLoadedEditorAssemblies (0ms)
				RefreshPlugins (123ms)
				BeforeProcessingInitializeOnLoad (124ms)
				ProcessInitializeOnLoadAttributes (898ms)
				ProcessInitializeOnLoadMethodAttributes (102ms)
				AfterProcessingInitializeOnLoad (3ms)
				EditorAssembliesLoaded (0ms)
			ExecutionOrderSort2 (0ms)
			AwakeInstancesAfterBackupRestoration (8ms)
Platform modules already initialized, skipping
========================================================================
Worker process is ready to serve import requests
Launched and connected shader compiler UnityShaderCompiler.exe after 0.05 seconds
Refreshing native plugins compatible for Editor in 1.42 ms, found 4 plugins.
Preloading 0 native plugins for Editor in 0.00 ms.
Unloading 5707 Unused Serialized files (Serialized files now loaded: 0)
Unloading 42 unused Assets / (0.7 MB). Loaded Objects now: 6160.
Memory consumption went from 222.5 MB to 221.8 MB.
Total: 3.928100 ms (FindLiveObjects: 0.391700 ms CreateObjectMapping: 0.423800 ms MarkObjects: 2.867700 ms  DeleteObjects: 0.243600 ms)

AssetImportParameters requested are different than current active one (requested -> active):
  custom:video-decoder-ogg-theora: a1e56fd34408186e4bbccfd4996cb3dc -> 
  custom:container-muxer-webm: aa71ff27fc2769a1b78a27578f13a17b -> 
  custom:container-demuxer-webm: 4f35f7cbe854078d1ac9338744f61a02 -> 
  custom:video-encoder-webm-vp8: eb34c28f22e8b96e1ab97ce403110664 -> 
  custom:audio-encoder-webm-vorbis: bf7c407c2cedff20999df2af8eb42d56 -> 
  custom:framework-win-MediaFoundation: 216162199b28c13a410421893ffa2e32 -> 
  custom:container-demuxer-ogg: 62fdf1f143b41e24485cea50d1cbac27 -> 
  custom:video-decoder-webm-vp8: 9c59270c3fd7afecdb556c50c9e8de78 -> 
  custom:audio-decoder-ogg-vorbis: bf7c407c2cedff20999df2af8eb42d56 -> 
========================================================================
Received Import Request.
  Time since last request: 184605.509634 seconds.
  path: Assets/sprites/cavesofgallet/industrial.v2_1.asset
  artifactKey: Guid(709c4b37774a4a946a060cbccde075f9) Importer(815301076,1909f56bfc062723c751e8b465ee728b)
Start importing Assets/sprites/cavesofgallet/industrial.v2_1.asset using Guid(709c4b37774a4a946a060cbccde075f9) Importer(815301076,1909f56bfc062723c751e8b465ee728b)  -> (artifact id: '673cbb9443f224d17511c520d8197287') in 0.069651 seconds 
========================================================================
Received Import Request.
  Time since last request: 0.000023 seconds.
  path: Assets/sprites/cavesofgallet/industrial.v2_46.asset
  artifactKey: Guid(7b03b8ec3a9e0864b926a2958590a5de) Importer(815301076,1909f56bfc062723c751e8b465ee728b)
Start importing Assets/sprites/cavesofgallet/industrial.v2_46.asset using Guid(7b03b8ec3a9e0864b926a2958590a5de) Importer(815301076,1909f56bfc062723c751e8b465ee728b)  -> (artifact id: 'd68ded98691be55fe832fa4346a9aef2') in 0.011666 seconds 
========================================================================
Received Import Request.
  Time since last request: 0.000021 seconds.
  path: Assets/sprites/cavesofgallet/industrial.v2_2.asset
  artifactKey: Guid(70b7548648651af46a532d727864abcd) Importer(815301076,1909f56bfc062723c751e8b465ee728b)
Start importing Assets/sprites/cavesofgallet/industrial.v2_2.asset using Guid(70b7548648651af46a532d727864abcd) Importer(815301076,1909f56bfc062723c751e8b465ee728b)  -> (artifact id: '2142e6299e9566b892a33e5e5a4a5082') in 0.010269 seconds 
========================================================================
Received Import Request.
  Time since last request: 0.000017 seconds.
  path: Assets/sprites/cavesofgallet/industrial.v2_72.asset
  artifactKey: Guid(796a731d74f53994db90737c93a54006) Importer(815301076,1909f56bfc062723c751e8b465ee728b)
Start importing Assets/sprites/cavesofgallet/industrial.v2_72.asset using Guid(796a731d74f53994db90737c93a54006) Importer(815301076,1909f56bfc062723c751e8b465ee728b)  -> (artifact id: 'f0595a1b5e87340abe8e14e013b6ccfa') in 0.043182 seconds 
========================================================================
Received Import Request.
  Time since last request: 0.000016 seconds.
  path: Assets/sprites/cavesofgallet/industrial.v2_82.asset
  artifactKey: Guid(4575720f62a40144a8b79c576de395b8) Importer(815301076,1909f56bfc062723c751e8b465ee728b)
Start importing Assets/sprites/cavesofgallet/industrial.v2_82.asset using Guid(4575720f62a40144a8b79c576de395b8) Importer(815301076,1909f56bfc062723c751e8b465ee728b)  -> (artifact id: 'da1a1390028b7c844772fa00f580fc40') in 0.007540 seconds 
========================================================================
Received Import Request.
  Time since last request: 0.000014 seconds.
  path: Assets/sprites/cavesofgallet/industrial.v2_11.asset
  artifactKey: Guid(e42fef5aaaac4114380295c508a30628) Importer(815301076,1909f56bfc062723c751e8b465ee728b)
Start importing Assets/sprites/cavesofgallet/industrial.v2_11.asset using Guid(e42fef5aaaac4114380295c508a30628) Importer(815301076,1909f56bfc062723c751e8b465ee728b)  -> (artifact id: '4d3930e54b1cb6579df433fc06184948') in 0.007505 seconds 
========================================================================
Received Import Request.
  Time since last request: 0.000022 seconds.
  path: Assets/sprites/cavesofgallet/industrial.v2_65.asset
  artifactKey: Guid(1d783ddbfe626ec4081c41fba7b1d1f3) Importer(815301076,1909f56bfc062723c751e8b465ee728b)
Start importing Assets/sprites/cavesofgallet/industrial.v2_65.asset using Guid(1d783ddbfe626ec4081c41fba7b1d1f3) Importer(815301076,1909f56bfc062723c751e8b465ee728b)  -> (artifact id: '75e74e0b8a47f4e3068b498a663c4cc4') in 0.008981 seconds 
========================================================================
Received Import Request.
  Time since last request: 0.000021 seconds.
  path: Assets/sprites/cavesofgallet/industrial.v2_95.asset
  artifactKey: Guid(a5360b588bb2b81419cecd5adb3386a8) Importer(815301076,1909f56bfc062723c751e8b465ee728b)
Start importing Assets/sprites/cavesofgallet/industrial.v2_95.asset using Guid(a5360b588bb2b81419cecd5adb3386a8) Importer(815301076,1909f56bfc062723c751e8b465ee728b)  -> (artifact id: '36f8c750cdc62289d26531009dcabbc5') in 0.008112 seconds 
========================================================================
Received Import Request.
  Time since last request: 0.000015 seconds.
  path: Assets/sprites/cavesofgallet/industrial.v2_28.asset
  artifactKey: Guid(5e81c7bc6e6ebe149bce5a652619a507) Importer(815301076,1909f56bfc062723c751e8b465ee728b)
Start importing Assets/sprites/cavesofgallet/industrial.v2_28.asset using Guid(5e81c7bc6e6ebe149bce5a652619a507) Importer(815301076,1909f56bfc062723c751e8b465ee728b)  -> (artifact id: '1ee03ed666dc92ab088a5f85238d5d7f') in 0.008437 seconds 
========================================================================
Received Import Request.
  Time since last request: 0.000016 seconds.
  path: Assets/sprites/cavesofgallet/industrial.v2_13.asset
  artifactKey: Guid(25fbf0fe039b36d449b23737fa26feac) Importer(815301076,1909f56bfc062723c751e8b465ee728b)
Start importing Assets/sprites/cavesofgallet/industrial.v2_13.asset using Guid(25fbf0fe039b36d449b23737fa26feac) Importer(815301076,1909f56bfc062723c751e8b465ee728b)  -> (artifact id: '9fbe51f1c34100c0c4b3d90a16f2834d') in 0.012021 seconds 
========================================================================
Received Import Request.
  Time since last request: 0.000025 seconds.
  path: Assets/sprites/cavesofgallet/industrial.v2_52.asset
  artifactKey: Guid(edaff217f4e19184daa266a728282a39) Importer(815301076,1909f56bfc062723c751e8b465ee728b)
Start importing Assets/sprites/cavesofgallet/industrial.v2_52.asset using Guid(edaff217f4e19184daa266a728282a39) Importer(815301076,1909f56bfc062723c751e8b465ee728b)  -> (artifact id: '2e3b5f30aed64572383e1c0093d4f35d') in 0.007639 seconds 
========================================================================
Received Import Request.
  Time since last request: 0.000022 seconds.
  path: Assets/sprites/cavesofgallet/industrial.v2_30.asset
  artifactKey: Guid(7fe0e53fa26686945b2c919b95acdca0) Importer(815301076,1909f56bfc062723c751e8b465ee728b)
Start importing Assets/sprites/cavesofgallet/industrial.v2_30.asset using Guid(7fe0e53fa26686945b2c919b95acdca0) Importer(815301076,1909f56bfc062723c751e8b465ee728b)  -> (artifact id: '93f0653235dace823bd9d93f0921f9de') in 0.008109 seconds 
========================================================================
Received Import Request.
  Time since last request: 0.000019 seconds.
  path: Assets/sprites/cavesofgallet/industrial.v2_48.asset
  artifactKey: Guid(e898ddb6e12b19a409a4a9086dcdb68c) Importer(815301076,1909f56bfc062723c751e8b465ee728b)
Start importing Assets/sprites/cavesofgallet/industrial.v2_48.asset using Guid(e898ddb6e12b19a409a4a9086dcdb68c) Importer(815301076,1909f56bfc062723c751e8b465ee728b)  -> (artifact id: 'a3d0a04b5aeffbbafcc0250902b6a859') in 0.008360 seconds 
========================================================================
Received Import Request.
  Time since last request: 0.000023 seconds.
  path: Assets/sprites/cavesofgallet/industrial.v2_44.asset
  artifactKey: Guid(25c4ea0f9252ce049bed6271112baa0e) Importer(815301076,1909f56bfc062723c751e8b465ee728b)
Start importing Assets/sprites/cavesofgallet/industrial.v2_44.asset using Guid(25c4ea0f9252ce049bed6271112baa0e) Importer(815301076,1909f56bfc062723c751e8b465ee728b)  -> (artifact id: '775abf3d0ac3204aa9a7d58d640d79b1') in 0.027090 seconds 
========================================================================
Received Import Request.
  Time since last request: 0.000030 seconds.
  path: Assets/sprites/cavesofgallet/industrial.v2_37.asset
  artifactKey: Guid(8366e4fa137eebb499277cc3fbb8cd8c) Importer(815301076,1909f56bfc062723c751e8b465ee728b)
Start importing Assets/sprites/cavesofgallet/industrial.v2_37.asset using Guid(8366e4fa137eebb499277cc3fbb8cd8c) Importer(815301076,1909f56bfc062723c751e8b465ee728b)  -> (artifact id: '2bed35ed5b9acfbd832e6fb51a788d44') in 0.011422 seconds 
========================================================================
Received Import Request.
  Time since last request: 0.000018 seconds.
  path: Assets/sprites/cavesofgallet/industrial.v2_74.asset
  artifactKey: Guid(2c66ca77df752ad4b8fe3ecd01a91932) Importer(815301076,1909f56bfc062723c751e8b465ee728b)
Start importing Assets/sprites/cavesofgallet/industrial.v2_74.asset using Guid(2c66ca77df752ad4b8fe3ecd01a91932) Importer(815301076,1909f56bfc062723c751e8b465ee728b)  -> (artifact id: '0da5136de4836e83020f2a03209013e3') in 0.009576 seconds 
========================================================================
Received Import Request.
  Time since last request: 0.000025 seconds.
  path: Assets/sprites/cavesofgallet/industrial.v2_43.asset
  artifactKey: Guid(bc49fced2c8ce1947a4f13f1cb69d2a9) Importer(815301076,1909f56bfc062723c751e8b465ee728b)
Start importing Assets/sprites/cavesofgallet/industrial.v2_43.asset using Guid(bc49fced2c8ce1947a4f13f1cb69d2a9) Importer(815301076,1909f56bfc062723c751e8b465ee728b)  -> (artifact id: '6b05f48a5c9f19e935cfad6eebd382d6') in 0.008233 seconds 
========================================================================
Received Import Request.
  Time since last request: 0.000024 seconds.
  path: Assets/sprites/cavesofgallet/industrial.v2_81.asset
  artifactKey: Guid(d6879b90a7dff6548814c76079e84589) Importer(815301076,1909f56bfc062723c751e8b465ee728b)
Start importing Assets/sprites/cavesofgallet/industrial.v2_81.asset using Guid(d6879b90a7dff6548814c76079e84589) Importer(815301076,1909f56bfc062723c751e8b465ee728b)  -> (artifact id: '7a70d1e840f2bc626c99a4d33553e73b') in 0.009482 seconds 
========================================================================
Received Import Request.
  Time since last request: 0.000019 seconds.
  path: Assets/sprites/cavesofgallet/industrial.v2_86.asset
  artifactKey: Guid(14391c1017237d44b8a2945a2ce0e9af) Importer(815301076,1909f56bfc062723c751e8b465ee728b)
Start importing Assets/sprites/cavesofgallet/industrial.v2_86.asset using Guid(14391c1017237d44b8a2945a2ce0e9af) Importer(815301076,1909f56bfc062723c751e8b465ee728b)  -> (artifact id: '40905442cb5d3d7343ac940b5d875d02') in 0.008431 seconds 
========================================================================
Received Import Request.
  Time since last request: 0.000016 seconds.
  path: Assets/sprites/cavesofgallet/industrial.v2_39.asset
  artifactKey: Guid(60f296f143b77b34387a3b026d085b8b) Importer(815301076,1909f56bfc062723c751e8b465ee728b)
Start importing Assets/sprites/cavesofgallet/industrial.v2_39.asset using Guid(60f296f143b77b34387a3b026d085b8b) Importer(815301076,1909f56bfc062723c751e8b465ee728b)  -> (artifact id: '2c9ee92d078f1ff8470c9e345dece8eb') in 0.008657 seconds 
========================================================================
Received Import Request.
  Time since last request: 0.000022 seconds.
  path: Assets/sprites/cavesofgallet/industrial.v2_42.asset
  artifactKey: Guid(ef5e61249c49649468206636013b8489) Importer(815301076,1909f56bfc062723c751e8b465ee728b)
Start importing Assets/sprites/cavesofgallet/industrial.v2_42.asset using Guid(ef5e61249c49649468206636013b8489) Importer(815301076,1909f56bfc062723c751e8b465ee728b)  -> (artifact id: 'ead83fd4fe4fc9d59a5599584b971595') in 0.008634 seconds 
========================================================================
Received Import Request.
  Time since last request: 0.000025 seconds.
  path: Assets/sprites/cavesofgallet/industrial.v2_84.asset
  artifactKey: Guid(10887ad61ca131d4ca05d57b24f4b732) Importer(815301076,1909f56bfc062723c751e8b465ee728b)
Start importing Assets/sprites/cavesofgallet/industrial.v2_84.asset using Guid(10887ad61ca131d4ca05d57b24f4b732) Importer(815301076,1909f56bfc062723c751e8b465ee728b)  -> (artifact id: '9c79982f93f122cc8ab082a9ba321955') in 0.010282 seconds 
========================================================================
Received Import Request.
  Time since last request: 0.000025 seconds.
  path: Assets/sprites/cavesofgallet/industrial.v2_87.asset
  artifactKey: Guid(1718d40640a78644e8effee814f8c676) Importer(815301076,1909f56bfc062723c751e8b465ee728b)
Start importing Assets/sprites/cavesofgallet/industrial.v2_87.asset using Guid(1718d40640a78644e8effee814f8c676) Importer(815301076,1909f56bfc062723c751e8b465ee728b)  -> (artifact id: '5eda8adcf212287a86210e46473052e3') in 0.011843 seconds 
========================================================================
Received Import Request.
  Time since last request: 0.000030 seconds.
  path: Assets/sprites/cavesofgallet/industrial.v2_67.asset
  artifactKey: Guid(c3af8597828e8e94481c5525bb7ab28d) Importer(815301076,1909f56bfc062723c751e8b465ee728b)
Start importing Assets/sprites/cavesofgallet/industrial.v2_67.asset using Guid(c3af8597828e8e94481c5525bb7ab28d) Importer(815301076,1909f56bfc062723c751e8b465ee728b)  -> (artifact id: '9b397544cefa3994aeb3a573f460dbd2') in 0.007765 seconds 
========================================================================
Received Import Request.
  Time since last request: 0.000017 seconds.
  path: Assets/sprites/cavesofgallet/industrial.v2_6.asset
  artifactKey: Guid(43dc6e6c309c21e45a112fc9545981f4) Importer(815301076,1909f56bfc062723c751e8b465ee728b)
Start importing Assets/sprites/cavesofgallet/industrial.v2_6.asset using Guid(43dc6e6c309c21e45a112fc9545981f4) Importer(815301076,1909f56bfc062723c751e8b465ee728b)  -> (artifact id: '48b85baec5f325f54aef656c65446a6d') in 0.011071 seconds 
========================================================================
Received Import Request.
  Time since last request: 0.000016 seconds.
  path: Assets/sprites/cavesofgallet/industrial.v2_27.asset
  artifactKey: Guid(e1f627e94421e4a408a92402d93d6b0a) Importer(815301076,1909f56bfc062723c751e8b465ee728b)
Start importing Assets/sprites/cavesofgallet/industrial.v2_27.asset using Guid(e1f627e94421e4a408a92402d93d6b0a) Importer(815301076,1909f56bfc062723c751e8b465ee728b)  -> (artifact id: 'be4e0ede2d0d0c6337ad1c2d5de75704') in 0.011848 seconds 
========================================================================
Received Import Request.
  Time since last request: 0.000017 seconds.
  path: Assets/sprites/cavesofgallet/industrial.v2_33.asset
  artifactKey: Guid(d145e23745ac06f4595c7cd1fc7c7d3f) Importer(815301076,1909f56bfc062723c751e8b465ee728b)
Start importing Assets/sprites/cavesofgallet/industrial.v2_33.asset using Guid(d145e23745ac06f4595c7cd1fc7c7d3f) Importer(815301076,1909f56bfc062723c751e8b465ee728b)  -> (artifact id: '326572050be710862f57b727b9fc4fdc') in 0.008700 seconds 
========================================================================
Received Import Request.
  Time since last request: 0.000025 seconds.
  path: Assets/sprites/cavesofgallet/industrial.v2_35.asset
  artifactKey: Guid(26924be52c703ae47adae6d34bb02865) Importer(815301076,1909f56bfc062723c751e8b465ee728b)
Start importing Assets/sprites/cavesofgallet/industrial.v2_35.asset using Guid(26924be52c703ae47adae6d34bb02865) Importer(815301076,1909f56bfc062723c751e8b465ee728b)  -> (artifact id: '4dab49d0ff7eae3c1faf7b4bd8addc17') in 0.008351 seconds 
========================================================================
Received Import Request.
  Time since last request: 0.000028 seconds.
  path: Assets/sprites/cavesofgallet/industrial.v2_80.asset
  artifactKey: Guid(77564d47ff7355346860ffb819e3b17e) Importer(815301076,1909f56bfc062723c751e8b465ee728b)
Start importing Assets/sprites/cavesofgallet/industrial.v2_80.asset using Guid(77564d47ff7355346860ffb819e3b17e) Importer(815301076,1909f56bfc062723c751e8b465ee728b)  -> (artifact id: '49e36c7b8cbde4296cab9f4c32b35d66') in 0.009992 seconds 
========================================================================
Received Import Request.
  Time since last request: 0.000015 seconds.
  path: Assets/sprites/cavesofgallet/industrial.v2_55.asset
  artifactKey: Guid(c78d2f118d7ba1440b5d0378a63873cd) Importer(815301076,1909f56bfc062723c751e8b465ee728b)
Start importing Assets/sprites/cavesofgallet/industrial.v2_55.asset using Guid(c78d2f118d7ba1440b5d0378a63873cd) Importer(815301076,1909f56bfc062723c751e8b465ee728b)  -> (artifact id: '0cd30ed60963d1dfab4ac318f6487332') in 0.011038 seconds 
========================================================================
Received Import Request.
  Time since last request: 0.000140 seconds.
  path: Assets/sprites/cavesofgallet/industrial.v2_97.asset
  artifactKey: Guid(a768954e0edd89d4c8ee45a27ce174ff) Importer(815301076,1909f56bfc062723c751e8b465ee728b)
Start importing Assets/sprites/cavesofgallet/industrial.v2_97.asset using Guid(a768954e0edd89d4c8ee45a27ce174ff) Importer(815301076,1909f56bfc062723c751e8b465ee728b)  -> (artifact id: 'b3313897ce509a7bb7323fbd51d8a972') in 0.034912 seconds 
========================================================================
Received Import Request.
  Time since last request: 0.000022 seconds.
  path: Assets/sprites/cavesofgallet/industrial.v2_45.asset
  artifactKey: Guid(3c7dddcff2cf4df44ab35743a4e0d555) Importer(815301076,1909f56bfc062723c751e8b465ee728b)
Start importing Assets/sprites/cavesofgallet/industrial.v2_45.asset using Guid(3c7dddcff2cf4df44ab35743a4e0d555) Importer(815301076,1909f56bfc062723c751e8b465ee728b)  -> (artifact id: '950a26c3deaf20732587cf973ffd8505') in 0.009431 seconds 
========================================================================
Received Import Request.
  Time since last request: 0.000028 seconds.
  path: Assets/sprites/cavesofgallet/industrial.v2_60.asset
  artifactKey: Guid(73300f5b7e6f03b4189691c9aaf09bd4) Importer(815301076,1909f56bfc062723c751e8b465ee728b)
Start importing Assets/sprites/cavesofgallet/industrial.v2_60.asset using Guid(73300f5b7e6f03b4189691c9aaf09bd4) Importer(815301076,1909f56bfc062723c751e8b465ee728b)  -> (artifact id: '1782c2cf543cda21ff13394923bd3488') in 0.009724 seconds 
========================================================================
Received Import Request.
  Time since last request: 0.000017 seconds.
  path: Assets/sprites/cavesofgallet/industrial.v2_85.asset
  artifactKey: Guid(1bc8f33cf63dcbc42ad4740dd75daaac) Importer(815301076,1909f56bfc062723c751e8b465ee728b)
Start importing Assets/sprites/cavesofgallet/industrial.v2_85.asset using Guid(1bc8f33cf63dcbc42ad4740dd75daaac) Importer(815301076,1909f56bfc062723c751e8b465ee728b)  -> (artifact id: '22099faf376f7fe514bb584bb173151e') in 0.007890 seconds 
========================================================================
Received Import Request.
  Time since last request: 0.000018 seconds.
  path: Assets/sprites/cavesofgallet/industrial.v2_51.asset
  artifactKey: Guid(2173fee47fcab664a8bc55725868f31e) Importer(815301076,1909f56bfc062723c751e8b465ee728b)
Start importing Assets/sprites/cavesofgallet/industrial.v2_51.asset using Guid(2173fee47fcab664a8bc55725868f31e) Importer(815301076,1909f56bfc062723c751e8b465ee728b)  -> (artifact id: 'ceb6734a91fa02b567a6554404a43165') in 0.029351 seconds 
========================================================================
Received Import Request.
  Time since last request: 0.000018 seconds.
  path: Assets/sprites/cavesofgallet/industrial.v2_40.asset
  artifactKey: Guid(a38b7db8509b078479377924f4f26ec3) Importer(815301076,1909f56bfc062723c751e8b465ee728b)
Start importing Assets/sprites/cavesofgallet/industrial.v2_40.asset using Guid(a38b7db8509b078479377924f4f26ec3) Importer(815301076,1909f56bfc062723c751e8b465ee728b)  -> (artifact id: 'f94cb4e4921a0a90a89a45ff318577fd') in 0.008068 seconds 
========================================================================
Received Import Request.
  Time since last request: 0.000016 seconds.
  path: Assets/sprites/cavesofgallet/industrial.v2_34.asset
  artifactKey: Guid(ea735678087120e4993de06906347c24) Importer(815301076,1909f56bfc062723c751e8b465ee728b)
Start importing Assets/sprites/cavesofgallet/industrial.v2_34.asset using Guid(ea735678087120e4993de06906347c24) Importer(815301076,1909f56bfc062723c751e8b465ee728b)  -> (artifact id: 'fd50cbe89a0b1217b6357a468d836544') in 0.029182 seconds 
========================================================================
Received Import Request.
  Time since last request: 0.000063 seconds.
  path: Assets/sprites/cavesofgallet/industrial.v2_12.asset
  artifactKey: Guid(c47fabcd02ea5584fb5864473da340ca) Importer(815301076,1909f56bfc062723c751e8b465ee728b)
Start importing Assets/sprites/cavesofgallet/industrial.v2_12.asset using Guid(c47fabcd02ea5584fb5864473da340ca) Importer(815301076,1909f56bfc062723c751e8b465ee728b)  -> (artifact id: '904ef64bf71cb2b1b067810589eaab3b') in 0.011958 seconds 
========================================================================
Received Import Request.
  Time since last request: 0.000032 seconds.
  path: Assets/sprites/cavesofgallet/industrial.v2_58.asset
  artifactKey: Guid(266ce412cda563d4a99b95940ef02658) Importer(815301076,1909f56bfc062723c751e8b465ee728b)
Start importing Assets/sprites/cavesofgallet/industrial.v2_58.asset using Guid(266ce412cda563d4a99b95940ef02658) Importer(815301076,1909f56bfc062723c751e8b465ee728b)  -> (artifact id: '205c783ac9e7a5ea306e418fb285d5be') in 0.009304 seconds 
========================================================================
Received Import Request.
  Time since last request: 0.000016 seconds.
  path: Assets/sprites/cavesofgallet/industrial.v2_62.asset
  artifactKey: Guid(a6f9bff7e96e7ff48af7773257f07890) Importer(815301076,1909f56bfc062723c751e8b465ee728b)
Start importing Assets/sprites/cavesofgallet/industrial.v2_62.asset using Guid(a6f9bff7e96e7ff48af7773257f07890) Importer(815301076,1909f56bfc062723c751e8b465ee728b)  -> (artifact id: '13bddffd81fdaf53b1959edaa73ec991') in 0.012997 seconds 
========================================================================
Received Import Request.
  Time since last request: 0.000016 seconds.
  path: Assets/sprites/cavesofgallet/industrial.v2_4.asset
  artifactKey: Guid(b781d9f94eb157b4c803820090063846) Importer(815301076,1909f56bfc062723c751e8b465ee728b)
Start importing Assets/sprites/cavesofgallet/industrial.v2_4.asset using Guid(b781d9f94eb157b4c803820090063846) Importer(815301076,1909f56bfc062723c751e8b465ee728b)  -> (artifact id: '840c735a02a3aa7985294bca9cad5c34') in 0.007579 seconds 
========================================================================
Received Import Request.
  Time since last request: 0.000031 seconds.
  path: Assets/sprites/cavesofgallet/industrial.v2_47.asset
  artifactKey: Guid(a75ae85d8ec451f478ad7a707761a003) Importer(815301076,1909f56bfc062723c751e8b465ee728b)
Start importing Assets/sprites/cavesofgallet/industrial.v2_47.asset using Guid(a75ae85d8ec451f478ad7a707761a003) Importer(815301076,1909f56bfc062723c751e8b465ee728b)  -> (artifact id: 'ccb1de96df2498145263cfbe4a674eb2') in 0.010022 seconds 
========================================================================
Received Import Request.
  Time since last request: 0.000024 seconds.
  path: Assets/sprites/cavesofgallet/industrial.v2_20.asset
  artifactKey: Guid(692d58cb8ab962e4bbd4341eb1f92ed6) Importer(815301076,1909f56bfc062723c751e8b465ee728b)
Start importing Assets/sprites/cavesofgallet/industrial.v2_20.asset using Guid(692d58cb8ab962e4bbd4341eb1f92ed6) Importer(815301076,1909f56bfc062723c751e8b465ee728b)  -> (artifact id: 'bff1c978973371b09930e6ded6ec7e59') in 0.007389 seconds 
========================================================================
Received Import Request.
  Time since last request: 0.000015 seconds.
  path: Assets/sprites/cavesofgallet/industrial.v2_68.asset
  artifactKey: Guid(e47f42764fc2d7d43805dd7ffd972c31) Importer(815301076,1909f56bfc062723c751e8b465ee728b)
Start importing Assets/sprites/cavesofgallet/industrial.v2_68.asset using Guid(e47f42764fc2d7d43805dd7ffd972c31) Importer(815301076,1909f56bfc062723c751e8b465ee728b)  -> (artifact id: 'e7529103d8bf487eb00e50fa2512c098') in 0.007487 seconds 
========================================================================
Received Import Request.
  Time since last request: 0.000016 seconds.
  path: Assets/sprites/cavesofgallet/industrial.v2_77.asset
  artifactKey: Guid(677709af3d92bb54f93be368f56f700e) Importer(815301076,1909f56bfc062723c751e8b465ee728b)
Start importing Assets/sprites/cavesofgallet/industrial.v2_77.asset using Guid(677709af3d92bb54f93be368f56f700e) Importer(815301076,1909f56bfc062723c751e8b465ee728b)  -> (artifact id: '0e65591c3b2cff91ed4c0e2b57e60a74') in 0.010338 seconds 
========================================================================
Received Import Request.
  Time since last request: 0.000017 seconds.
  path: Assets/sprites/cavesofgallet/industrial.v2_7.asset
  artifactKey: Guid(0a216b09504e5eb49b00779e9be941ad) Importer(815301076,1909f56bfc062723c751e8b465ee728b)
Start importing Assets/sprites/cavesofgallet/industrial.v2_7.asset using Guid(0a216b09504e5eb49b00779e9be941ad) Importer(815301076,1909f56bfc062723c751e8b465ee728b)  -> (artifact id: '5c454a1a8ab6ef0f68bc20aae8ad9409') in 0.008370 seconds 
========================================================================
Received Import Request.
  Time since last request: 0.000031 seconds.
  path: Assets/sprites/cavesofgallet/industrial.v2_59.asset
  artifactKey: Guid(7f806057385b0c648ab553993f498aa4) Importer(815301076,1909f56bfc062723c751e8b465ee728b)
Start importing Assets/sprites/cavesofgallet/industrial.v2_59.asset using Guid(7f806057385b0c648ab553993f498aa4) Importer(815301076,1909f56bfc062723c751e8b465ee728b)  -> (artifact id: '7bcce93e6f9aa0e74b7d838df37f7e7c') in 0.006266 seconds 
========================================================================
Received Import Request.
  Time since last request: 0.000026 seconds.
  path: Assets/sprites/cavesofgallet/industrial.v2_25.asset
  artifactKey: Guid(ba533cc4073d31e44ad1d5b72f68575f) Importer(815301076,1909f56bfc062723c751e8b465ee728b)
Start importing Assets/sprites/cavesofgallet/industrial.v2_25.asset using Guid(ba533cc4073d31e44ad1d5b72f68575f) Importer(815301076,1909f56bfc062723c751e8b465ee728b)  -> (artifact id: 'fcee0a43c7643ce152ea8153f9aaa3e8') in 0.007693 seconds 
========================================================================
Received Import Request.
  Time since last request: 0.000027 seconds.
  path: Assets/sprites/cavesofgallet/industrial.v2_15.asset
  artifactKey: Guid(6138d01c4a0623c4698fb4522b880545) Importer(815301076,1909f56bfc062723c751e8b465ee728b)
Start importing Assets/sprites/cavesofgallet/industrial.v2_15.asset using Guid(6138d01c4a0623c4698fb4522b880545) Importer(815301076,1909f56bfc062723c751e8b465ee728b)  -> (artifact id: '46e65df1b93996f3b52758f36d1cc9fe') in 0.007358 seconds 
========================================================================
Received Prepare
Registering precompiled user dll's ...
Registered in 0.007041 seconds.
Begin MonoManager ReloadAssembly
Symbol file LoadedFromMemory doesn't match image D:\games\unity\ShotgunJumper\ShotgunJumper\Library\PackageCache\com.unity.visualscripting@1.7.6\Editor\VisualScripting.Core\Dependencies\YamlDotNet\Unity.VisualScripting.YamlDotNet.dll
Symbol file LoadedFromMemory doesn't match image D:\games\unity\ShotgunJumper\ShotgunJumper\Library\PackageCache\com.unity.visualscripting@1.7.6\Editor\VisualScripting.Core\Dependencies\DotNetZip\Unity.VisualScripting.IonicZip.dll
Native extension for WindowsStandalone target not found
Refreshing native plugins compatible for Editor in 1.18 ms, found 4 plugins.
Preloading 0 native plugins for Editor in 0.00 ms.
Mono: successfully reloaded assembly
- Completed reload, in  1.501 seconds
Domain Reload Profiling:
	ReloadAssembly (1502ms)
		BeginReloadAssembly (191ms)
			ExecutionOrderSort (0ms)
			DisableScriptedObjects (9ms)
			BackupInstance (0ms)
			ReleaseScriptingObjects (1ms)
			CreateAndSetChildDomain (52ms)
		EndReloadAssembly (1212ms)
			LoadAssemblies (151ms)
			RebuildTransferFunctionScriptingTraits (0ms)
			SetupTypeCache (301ms)
			ReleaseScriptCaches (2ms)
			RebuildScriptCaches (59ms)
			SetupLoadedEditorAssemblies (686ms)
				LogAssemblyErrors (0ms)
				InitializePlatformSupportModulesInManaged (12ms)
				SetLoadedEditorAssemblies (0ms)
				RefreshPlugins (3ms)
				BeforeProcessingInitializeOnLoad (98ms)
				ProcessInitializeOnLoadAttributes (490ms)
				ProcessInitializeOnLoadMethodAttributes (80ms)
				AfterProcessingInitializeOnLoad (3ms)
				EditorAssembliesLoaded (0ms)
			ExecutionOrderSort2 (0ms)
			AwakeInstancesAfterBackupRestoration (10ms)
Platform modules already initialized, skipping
Refreshing native plugins compatible for Editor in 2.86 ms, found 4 plugins.
Preloading 0 native plugins for Editor in 0.00 ms.
Unloading 5579 Unused Serialized files (Serialized files now loaded: 0)
Unloading 27 unused Assets / (0.7 MB). Loaded Objects now: 6165.
Memory consumption went from 215.0 MB to 214.3 MB.
Total: 3.542300 ms (FindLiveObjects: 0.383000 ms CreateObjectMapping: 0.349100 ms MarkObjects: 2.510700 ms  DeleteObjects: 0.298800 ms)

AssetImportParameters requested are different than current active one (requested -> active):
  custom:video-decoder-ogg-theora: a1e56fd34408186e4bbccfd4996cb3dc -> 
  custom:container-muxer-webm: aa71ff27fc2769a1b78a27578f13a17b -> 
  custom:container-demuxer-webm: 4f35f7cbe854078d1ac9338744f61a02 -> 
  custom:video-encoder-webm-vp8: eb34c28f22e8b96e1ab97ce403110664 -> 
  custom:audio-encoder-webm-vorbis: bf7c407c2cedff20999df2af8eb42d56 -> 
  custom:framework-win-MediaFoundation: 216162199b28c13a410421893ffa2e32 -> 
  custom:container-demuxer-ogg: 62fdf1f143b41e24485cea50d1cbac27 -> 
  custom:video-decoder-webm-vp8: 9c59270c3fd7afecdb556c50c9e8de78 -> 
  custom:audio-decoder-ogg-vorbis: bf7c407c2cedff20999df2af8eb42d56 -> 
========================================================================
Received Prepare
Registering precompiled user dll's ...
Registered in 0.007323 seconds.
Begin MonoManager ReloadAssembly
Symbol file LoadedFromMemory doesn't match image D:\games\unity\ShotgunJumper\ShotgunJumper\Library\PackageCache\com.unity.visualscripting@1.7.6\Editor\VisualScripting.Core\Dependencies\YamlDotNet\Unity.VisualScripting.YamlDotNet.dll
Symbol file LoadedFromMemory doesn't match image D:\games\unity\ShotgunJumper\ShotgunJumper\Library\PackageCache\com.unity.visualscripting@1.7.6\Editor\VisualScripting.Core\Dependencies\DotNetZip\Unity.VisualScripting.IonicZip.dll
Native extension for WindowsStandalone target not found
Refreshing native plugins compatible for Editor in 0.82 ms, found 4 plugins.
Preloading 0 native plugins for Editor in 0.00 ms.
Mono: successfully reloaded assembly
- Completed reload, in  1.562 seconds
Domain Reload Profiling:
	ReloadAssembly (1563ms)
		BeginReloadAssembly (179ms)
			ExecutionOrderSort (0ms)
			DisableScriptedObjects (8ms)
			BackupInstance (0ms)
			ReleaseScriptingObjects (0ms)
			CreateAndSetChildDomain (47ms)
		EndReloadAssembly (1280ms)
			LoadAssemblies (151ms)
			RebuildTransferFunctionScriptingTraits (0ms)
			SetupTypeCache (327ms)
			ReleaseScriptCaches (2ms)
			RebuildScriptCaches (63ms)
			SetupLoadedEditorAssemblies (707ms)
				LogAssemblyErrors (0ms)
				InitializePlatformSupportModulesInManaged (12ms)
				SetLoadedEditorAssemblies (0ms)
				RefreshPlugins (1ms)
				BeforeProcessingInitializeOnLoad (98ms)
				ProcessInitializeOnLoadAttributes (495ms)
				ProcessInitializeOnLoadMethodAttributes (97ms)
				AfterProcessingInitializeOnLoad (4ms)
				EditorAssembliesLoaded (0ms)
			ExecutionOrderSort2 (0ms)
			AwakeInstancesAfterBackupRestoration (10ms)
Platform modules already initialized, skipping
Refreshing native plugins compatible for Editor in 3.44 ms, found 4 plugins.
Preloading 0 native plugins for Editor in 0.00 ms.
Unloading 5579 Unused Serialized files (Serialized files now loaded: 0)
Unloading 27 unused Assets / (0.7 MB). Loaded Objects now: 6167.
Memory consumption went from 215.0 MB to 214.3 MB.
Total: 4.523000 ms (FindLiveObjects: 0.398500 ms CreateObjectMapping: 0.729300 ms MarkObjects: 3.157400 ms  DeleteObjects: 0.236700 ms)

AssetImportParameters requested are different than current active one (requested -> active):
  custom:video-decoder-ogg-theora: a1e56fd34408186e4bbccfd4996cb3dc -> 
  custom:container-muxer-webm: aa71ff27fc2769a1b78a27578f13a17b -> 
  custom:container-demuxer-webm: 4f35f7cbe854078d1ac9338744f61a02 -> 
  custom:video-encoder-webm-vp8: eb34c28f22e8b96e1ab97ce403110664 -> 
  custom:audio-encoder-webm-vorbis: bf7c407c2cedff20999df2af8eb42d56 -> 
  custom:framework-win-MediaFoundation: 216162199b28c13a410421893ffa2e32 -> 
  custom:container-demuxer-ogg: 62fdf1f143b41e24485cea50d1cbac27 -> 
  custom:video-decoder-webm-vp8: 9c59270c3fd7afecdb556c50c9e8de78 -> 
  custom:audio-decoder-ogg-vorbis: bf7c407c2cedff20999df2af8eb42d56 -> 
========================================================================
Received Prepare
Registering precompiled user dll's ...
Registered in 0.007856 seconds.
Begin MonoManager ReloadAssembly
Symbol file LoadedFromMemory doesn't match image D:\games\unity\ShotgunJumper\ShotgunJumper\Library\PackageCache\com.unity.visualscripting@1.7.6\Editor\VisualScripting.Core\Dependencies\YamlDotNet\Unity.VisualScripting.YamlDotNet.dll
Symbol file LoadedFromMemory doesn't match image D:\games\unity\ShotgunJumper\ShotgunJumper\Library\PackageCache\com.unity.visualscripting@1.7.6\Editor\VisualScripting.Core\Dependencies\DotNetZip\Unity.VisualScripting.IonicZip.dll
Native extension for WindowsStandalone target not found
Refreshing native plugins compatible for Editor in 1.37 ms, found 4 plugins.
Preloading 0 native plugins for Editor in 0.00 ms.
Mono: successfully reloaded assembly
- Completed reload, in  1.680 seconds
Domain Reload Profiling:
	ReloadAssembly (1680ms)
		BeginReloadAssembly (213ms)
			ExecutionOrderSort (0ms)
			DisableScriptedObjects (8ms)
			BackupInstance (0ms)
			ReleaseScriptingObjects (0ms)
			CreateAndSetChildDomain (46ms)
		EndReloadAssembly (1345ms)
			LoadAssemblies (187ms)
			RebuildTransferFunctionScriptingTraits (0ms)
			SetupTypeCache (305ms)
			ReleaseScriptCaches (2ms)
			RebuildScriptCaches (68ms)
			SetupLoadedEditorAssemblies (776ms)
				LogAssemblyErrors (0ms)
				InitializePlatformSupportModulesInManaged (20ms)
				SetLoadedEditorAssemblies (0ms)
				RefreshPlugins (2ms)
				BeforeProcessingInitializeOnLoad (120ms)
				ProcessInitializeOnLoadAttributes (540ms)
				ProcessInitializeOnLoadMethodAttributes (91ms)
				AfterProcessingInitializeOnLoad (3ms)
				EditorAssembliesLoaded (0ms)
			ExecutionOrderSort2 (0ms)
			AwakeInstancesAfterBackupRestoration (11ms)
Platform modules already initialized, skipping
Refreshing native plugins compatible for Editor in 3.00 ms, found 4 plugins.
Preloading 0 native plugins for Editor in 0.00 ms.
Unloading 5579 Unused Serialized files (Serialized files now loaded: 0)
Unloading 27 unused Assets / (0.7 MB). Loaded Objects now: 6169.
Memory consumption went from 215.0 MB to 214.3 MB.
Total: 5.059600 ms (FindLiveObjects: 1.356400 ms CreateObjectMapping: 0.555000 ms MarkObjects: 2.854900 ms  DeleteObjects: 0.292100 ms)

AssetImportParameters requested are different than current active one (requested -> active):
  custom:video-decoder-ogg-theora: a1e56fd34408186e4bbccfd4996cb3dc -> 
  custom:container-muxer-webm: aa71ff27fc2769a1b78a27578f13a17b -> 
  custom:container-demuxer-webm: 4f35f7cbe854078d1ac9338744f61a02 -> 
  custom:video-encoder-webm-vp8: eb34c28f22e8b96e1ab97ce403110664 -> 
  custom:audio-encoder-webm-vorbis: bf7c407c2cedff20999df2af8eb42d56 -> 
  custom:framework-win-MediaFoundation: 216162199b28c13a410421893ffa2e32 -> 
  custom:container-demuxer-ogg: 62fdf1f143b41e24485cea50d1cbac27 -> 
  custom:video-decoder-webm-vp8: 9c59270c3fd7afecdb556c50c9e8de78 -> 
  custom:audio-decoder-ogg-vorbis: bf7c407c2cedff20999df2af8eb42d56 -> 
========================================================================
Received Prepare
Registering precompiled user dll's ...
Registered in 0.008370 seconds.
Begin MonoManager ReloadAssembly
Symbol file LoadedFromMemory doesn't match image D:\games\unity\ShotgunJumper\ShotgunJumper\Library\PackageCache\com.unity.visualscripting@1.7.6\Editor\VisualScripting.Core\Dependencies\YamlDotNet\Unity.VisualScripting.YamlDotNet.dll
Symbol file LoadedFromMemory doesn't match image D:\games\unity\ShotgunJumper\ShotgunJumper\Library\PackageCache\com.unity.visualscripting@1.7.6\Editor\VisualScripting.Core\Dependencies\DotNetZip\Unity.VisualScripting.IonicZip.dll
Native extension for WindowsStandalone target not found
Refreshing native plugins compatible for Editor in 0.87 ms, found 4 plugins.
Preloading 0 native plugins for Editor in 0.00 ms.
Mono: successfully reloaded assembly
- Completed reload, in  1.412 seconds
Domain Reload Profiling:
	ReloadAssembly (1414ms)
		BeginReloadAssembly (175ms)
			ExecutionOrderSort (0ms)
			DisableScriptedObjects (7ms)
			BackupInstance (0ms)
			ReleaseScriptingObjects (0ms)
			CreateAndSetChildDomain (51ms)
		EndReloadAssembly (1149ms)
			LoadAssemblies (134ms)
			RebuildTransferFunctionScriptingTraits (0ms)
			SetupTypeCache (270ms)
			ReleaseScriptCaches (1ms)
			RebuildScriptCaches (54ms)
			SetupLoadedEditorAssemblies (664ms)
				LogAssemblyErrors (0ms)
				InitializePlatformSupportModulesInManaged (11ms)
				SetLoadedEditorAssemblies (1ms)
				RefreshPlugins (1ms)
				BeforeProcessingInitializeOnLoad (87ms)
				ProcessInitializeOnLoadAttributes (478ms)
				ProcessInitializeOnLoadMethodAttributes (82ms)
				AfterProcessingInitializeOnLoad (3ms)
				EditorAssembliesLoaded (0ms)
			ExecutionOrderSort2 (0ms)
			AwakeInstancesAfterBackupRestoration (12ms)
Platform modules already initialized, skipping
